{"C:\\Users\\rames\\webdevelopment\\online_voting\\app.js": {"path":"C:\\Users\\rames\\webdevelopment\\online_voting\\app.js","statementMap":{"0":{"start":{"line":1,"column":16},"end":{"line":1,"column":34}},"1":{"start":{"line":2,"column":12},"end":{"line":2,"column":21}},"2":{"start":{"line":3,"column":13},"end":{"line":3,"column":33}},"3":{"start":{"line":4,"column":13},"end":{"line":4,"column":28}},"4":{"start":{"line":5,"column":21},"end":{"line":5,"column":45}},"5":{"start":{"line":13,"column":4},"end":{"line":13,"column":23}},"6":{"start":{"line":14,"column":19},"end":{"line":14,"column":41}},"7":{"start":{"line":15,"column":27},"end":{"line":15,"column":58}},"8":{"start":{"line":16,"column":23},"end":{"line":16,"column":48}},"9":{"start":{"line":17,"column":13},"end":{"line":17,"column":28}},"10":{"start":{"line":18,"column":15},"end":{"line":18,"column":32}},"11":{"start":{"line":19,"column":16},"end":{"line":19,"column":42}},"12":{"start":{"line":20,"column":17},"end":{"line":20,"column":36}},"13":{"start":{"line":22,"column":30},"end":{"line":22,"column":52}},"14":{"start":{"line":23,"column":14},"end":{"line":23,"column":38}},"15":{"start":{"line":24,"column":17},"end":{"line":24,"column":45}},"16":{"start":{"line":25,"column":19},"end":{"line":25,"column":21}},"17":{"start":{"line":26,"column":0},"end":{"line":26,"column":27}},"18":{"start":{"line":27,"column":0},"end":{"line":27,"column":48}},"19":{"start":{"line":28,"column":0},"end":{"line":28,"column":27}},"20":{"start":{"line":29,"column":0},"end":{"line":29,"column":49}},"21":{"start":{"line":30,"column":0},"end":{"line":30,"column":17}},"22":{"start":{"line":31,"column":0},"end":{"line":31,"column":44}},"23":{"start":{"line":32,"column":0},"end":{"line":32,"column":77}},"24":{"start":{"line":33,"column":0},"end":{"line":33,"column":16}},"25":{"start":{"line":35,"column":0},"end":{"line":42,"column":2}},"26":{"start":{"line":43,"column":0},"end":{"line":46,"column":3}},"27":{"start":{"line":44,"column":2},"end":{"line":44,"column":45}},"28":{"start":{"line":45,"column":2},"end":{"line":45,"column":9}},"29":{"start":{"line":47,"column":0},"end":{"line":47,"column":31}},"30":{"start":{"line":48,"column":0},"end":{"line":48,"column":28}},"31":{"start":{"line":50,"column":0},"end":{"line":72,"column":2}},"32":{"start":{"line":58,"column":6},"end":{"line":69,"column":11}},"33":{"start":{"line":60,"column":25},"end":{"line":60,"column":70}},"34":{"start":{"line":61,"column":10},"end":{"line":65,"column":11}},"35":{"start":{"line":62,"column":12},"end":{"line":62,"column":36}},"36":{"start":{"line":64,"column":12},"end":{"line":64,"column":73}},"37":{"start":{"line":68,"column":10},"end":{"line":68,"column":72}},"38":{"start":{"line":73,"column":0},"end":{"line":99,"column":2}},"39":{"start":{"line":81,"column":6},"end":{"line":96,"column":11}},"40":{"start":{"line":85,"column":25},"end":{"line":85,"column":70}},"41":{"start":{"line":86,"column":10},"end":{"line":90,"column":11}},"42":{"start":{"line":87,"column":12},"end":{"line":87,"column":36}},"43":{"start":{"line":89,"column":12},"end":{"line":89,"column":70}},"44":{"start":{"line":93,"column":10},"end":{"line":95,"column":13}},"45":{"start":{"line":100,"column":0},"end":{"line":100,"column":30}},"46":{"start":{"line":101,"column":0},"end":{"line":101,"column":56}},"47":{"start":{"line":102,"column":0},"end":{"line":104,"column":3}},"48":{"start":{"line":103,"column":2},"end":{"line":103,"column":47}},"49":{"start":{"line":105,"column":0},"end":{"line":123,"column":3}},"50":{"start":{"line":106,"column":2},"end":{"line":122,"column":3}},"51":{"start":{"line":107,"column":4},"end":{"line":113,"column":9}},"52":{"start":{"line":109,"column":8},"end":{"line":109,"column":25}},"53":{"start":{"line":112,"column":8},"end":{"line":112,"column":26}},"54":{"start":{"line":114,"column":9},"end":{"line":122,"column":3}},"55":{"start":{"line":115,"column":4},"end":{"line":121,"column":9}},"56":{"start":{"line":117,"column":8},"end":{"line":117,"column":25}},"57":{"start":{"line":120,"column":8},"end":{"line":120,"column":26}},"58":{"start":{"line":125,"column":0},"end":{"line":134,"column":2}},"59":{"start":{"line":132,"column":4},"end":{"line":132,"column":43}},"60":{"start":{"line":136,"column":0},"end":{"line":153,"column":3}},"61":{"start":{"line":137,"column":2},"end":{"line":152,"column":3}},"62":{"start":{"line":138,"column":4},"end":{"line":147,"column":5}},"63":{"start":{"line":139,"column":6},"end":{"line":139,"column":45}},"64":{"start":{"line":140,"column":11},"end":{"line":147,"column":5}},"65":{"start":{"line":141,"column":6},"end":{"line":146,"column":9}},"66":{"start":{"line":142,"column":8},"end":{"line":144,"column":9}},"67":{"start":{"line":143,"column":10},"end":{"line":143,"column":36}},"68":{"start":{"line":145,"column":8},"end":{"line":145,"column":31}},"69":{"start":{"line":149,"column":4},"end":{"line":151,"column":7}},"70":{"start":{"line":155,"column":0},"end":{"line":164,"column":2}},"71":{"start":{"line":159,"column":4},"end":{"line":162,"column":7}},"72":{"start":{"line":166,"column":0},"end":{"line":196,"column":2}},"73":{"start":{"line":170,"column":4},"end":{"line":194,"column":5}},"74":{"start":{"line":171,"column":17},"end":{"line":171,"column":54}},"75":{"start":{"line":172,"column":21},"end":{"line":172,"column":46}},"76":{"start":{"line":173,"column":6},"end":{"line":191,"column":7}},"77":{"start":{"line":174,"column":31},"end":{"line":174,"column":75}},"78":{"start":{"line":175,"column":8},"end":{"line":187,"column":9}},"79":{"start":{"line":176,"column":10},"end":{"line":182,"column":13}},"80":{"start":{"line":184,"column":10},"end":{"line":186,"column":13}},"81":{"start":{"line":189,"column":8},"end":{"line":189,"column":27}},"82":{"start":{"line":190,"column":8},"end":{"line":190,"column":48}},"83":{"start":{"line":192,"column":11},"end":{"line":194,"column":5}},"84":{"start":{"line":193,"column":6},"end":{"line":193,"column":36}},"85":{"start":{"line":197,"column":0},"end":{"line":211,"column":2}},"86":{"start":{"line":201,"column":4},"end":{"line":206,"column":5}},"87":{"start":{"line":202,"column":6},"end":{"line":205,"column":9}},"88":{"start":{"line":207,"column":4},"end":{"line":209,"column":5}},"89":{"start":{"line":208,"column":6},"end":{"line":208,"column":36}},"90":{"start":{"line":213,"column":0},"end":{"line":247,"column":2}},"91":{"start":{"line":217,"column":4},"end":{"line":245,"column":5}},"92":{"start":{"line":218,"column":6},"end":{"line":221,"column":7}},"93":{"start":{"line":219,"column":8},"end":{"line":219,"column":67}},"94":{"start":{"line":220,"column":8},"end":{"line":220,"column":44}},"95":{"start":{"line":222,"column":6},"end":{"line":225,"column":7}},"96":{"start":{"line":223,"column":8},"end":{"line":223,"column":64}},"97":{"start":{"line":224,"column":8},"end":{"line":224,"column":44}},"98":{"start":{"line":226,"column":6},"end":{"line":229,"column":7}},"99":{"start":{"line":227,"column":8},"end":{"line":227,"column":71}},"100":{"start":{"line":228,"column":8},"end":{"line":228,"column":44}},"101":{"start":{"line":231,"column":6},"end":{"line":242,"column":7}},"102":{"start":{"line":232,"column":8},"end":{"line":236,"column":11}},"103":{"start":{"line":237,"column":8},"end":{"line":237,"column":47}},"104":{"start":{"line":239,"column":8},"end":{"line":239,"column":56}},"105":{"start":{"line":240,"column":8},"end":{"line":240,"column":27}},"106":{"start":{"line":241,"column":8},"end":{"line":241,"column":44}},"107":{"start":{"line":243,"column":11},"end":{"line":245,"column":5}},"108":{"start":{"line":244,"column":6},"end":{"line":244,"column":36}},"109":{"start":{"line":249,"column":0},"end":{"line":258,"column":3}},"110":{"start":{"line":250,"column":2},"end":{"line":257,"column":3}},"111":{"start":{"line":251,"column":4},"end":{"line":254,"column":7}},"112":{"start":{"line":256,"column":4},"end":{"line":256,"column":21}},"113":{"start":{"line":260,"column":0},"end":{"line":268,"column":3}},"114":{"start":{"line":261,"column":2},"end":{"line":267,"column":5}},"115":{"start":{"line":262,"column":4},"end":{"line":264,"column":5}},"116":{"start":{"line":263,"column":6},"end":{"line":263,"column":25}},"117":{"start":{"line":265,"column":4},"end":{"line":265,"column":55}},"118":{"start":{"line":266,"column":4},"end":{"line":266,"column":27}},"119":{"start":{"line":270,"column":0},"end":{"line":278,"column":3}},"120":{"start":{"line":271,"column":2},"end":{"line":273,"column":3}},"121":{"start":{"line":272,"column":4},"end":{"line":272,"column":43}},"122":{"start":{"line":274,"column":2},"end":{"line":277,"column":5}},"123":{"start":{"line":280,"column":0},"end":{"line":319,"column":3}},"124":{"start":{"line":281,"column":2},"end":{"line":284,"column":3}},"125":{"start":{"line":282,"column":4},"end":{"line":282,"column":55}},"126":{"start":{"line":283,"column":4},"end":{"line":283,"column":40}},"127":{"start":{"line":285,"column":2},"end":{"line":288,"column":3}},"128":{"start":{"line":286,"column":4},"end":{"line":286,"column":59}},"129":{"start":{"line":287,"column":4},"end":{"line":287,"column":40}},"130":{"start":{"line":289,"column":2},"end":{"line":292,"column":3}},"131":{"start":{"line":290,"column":4},"end":{"line":290,"column":58}},"132":{"start":{"line":291,"column":4},"end":{"line":291,"column":40}},"133":{"start":{"line":293,"column":2},"end":{"line":296,"column":3}},"134":{"start":{"line":294,"column":4},"end":{"line":294,"column":78}},"135":{"start":{"line":295,"column":4},"end":{"line":295,"column":40}},"136":{"start":{"line":297,"column":20},"end":{"line":297,"column":72}},"137":{"start":{"line":298,"column":2},"end":{"line":318,"column":3}},"138":{"start":{"line":299,"column":17},"end":{"line":304,"column":6}},"139":{"start":{"line":305,"column":4},"end":{"line":313,"column":7}},"140":{"start":{"line":306,"column":6},"end":{"line":312,"column":7}},"141":{"start":{"line":307,"column":8},"end":{"line":307,"column":25}},"142":{"start":{"line":308,"column":8},"end":{"line":308,"column":31}},"143":{"start":{"line":310,"column":8},"end":{"line":310,"column":58}},"144":{"start":{"line":311,"column":8},"end":{"line":311,"column":40}},"145":{"start":{"line":315,"column":4},"end":{"line":315,"column":23}},"146":{"start":{"line":316,"column":4},"end":{"line":316,"column":66}},"147":{"start":{"line":317,"column":4},"end":{"line":317,"column":40}},"148":{"start":{"line":321,"column":0},"end":{"line":356,"column":2}},"149":{"start":{"line":325,"column":4},"end":{"line":354,"column":5}},"150":{"start":{"line":326,"column":6},"end":{"line":353,"column":7}},"151":{"start":{"line":327,"column":25},"end":{"line":327,"column":67}},"152":{"start":{"line":328,"column":22},"end":{"line":328,"column":67}},"153":{"start":{"line":329,"column":25},"end":{"line":329,"column":76}},"154":{"start":{"line":332,"column":29},"end":{"line":335,"column":9}},"155":{"start":{"line":336,"column":33},"end":{"line":338,"column":9}},"156":{"start":{"line":339,"column":30},"end":{"line":339,"column":73}},"157":{"start":{"line":340,"column":8},"end":{"line":349,"column":11}},"158":{"start":{"line":351,"column":8},"end":{"line":351,"column":27}},"159":{"start":{"line":352,"column":8},"end":{"line":352,"column":48}},"160":{"start":{"line":357,"column":0},"end":{"line":391,"column":2}},"161":{"start":{"line":361,"column":4},"end":{"line":389,"column":5}},"162":{"start":{"line":363,"column":27},"end":{"line":366,"column":7}},"163":{"start":{"line":367,"column":25},"end":{"line":367,"column":77}},"164":{"start":{"line":368,"column":23},"end":{"line":368,"column":65}},"165":{"start":{"line":369,"column":6},"end":{"line":375,"column":7}},"166":{"start":{"line":370,"column":8},"end":{"line":373,"column":10}},"167":{"start":{"line":374,"column":8},"end":{"line":374,"column":74}},"168":{"start":{"line":376,"column":6},"end":{"line":388,"column":7}},"169":{"start":{"line":377,"column":8},"end":{"line":383,"column":11}},"170":{"start":{"line":385,"column":8},"end":{"line":387,"column":11}},"171":{"start":{"line":392,"column":0},"end":{"line":403,"column":2}},"172":{"start":{"line":396,"column":4},"end":{"line":401,"column":5}},"173":{"start":{"line":397,"column":6},"end":{"line":400,"column":9}},"174":{"start":{"line":405,"column":0},"end":{"line":443,"column":2}},"175":{"start":{"line":409,"column":4},"end":{"line":441,"column":5}},"176":{"start":{"line":410,"column":6},"end":{"line":413,"column":7}},"177":{"start":{"line":411,"column":8},"end":{"line":411,"column":62}},"178":{"start":{"line":412,"column":8},"end":{"line":412,"column":74}},"179":{"start":{"line":414,"column":6},"end":{"line":417,"column":7}},"180":{"start":{"line":415,"column":8},"end":{"line":415,"column":74}},"181":{"start":{"line":416,"column":8},"end":{"line":416,"column":74}},"182":{"start":{"line":419,"column":28},"end":{"line":422,"column":7}},"183":{"start":{"line":423,"column":6},"end":{"line":426,"column":7}},"184":{"start":{"line":424,"column":8},"end":{"line":424,"column":68}},"185":{"start":{"line":425,"column":8},"end":{"line":425,"column":74}},"186":{"start":{"line":428,"column":6},"end":{"line":440,"column":7}},"187":{"start":{"line":429,"column":25},"end":{"line":433,"column":10}},"188":{"start":{"line":434,"column":8},"end":{"line":436,"column":10}},"189":{"start":{"line":438,"column":8},"end":{"line":438,"column":27}},"190":{"start":{"line":439,"column":8},"end":{"line":439,"column":48}},"191":{"start":{"line":445,"column":0},"end":{"line":474,"column":2}},"192":{"start":{"line":449,"column":4},"end":{"line":472,"column":5}},"193":{"start":{"line":450,"column":6},"end":{"line":471,"column":7}},"194":{"start":{"line":451,"column":25},"end":{"line":453,"column":9}},"195":{"start":{"line":454,"column":23},"end":{"line":454,"column":79}},"196":{"start":{"line":455,"column":8},"end":{"line":468,"column":9}},"197":{"start":{"line":456,"column":10},"end":{"line":463,"column":13}},"198":{"start":{"line":465,"column":10},"end":{"line":467,"column":13}},"199":{"start":{"line":470,"column":8},"end":{"line":470,"column":46}},"200":{"start":{"line":476,"column":0},"end":{"line":490,"column":2}},"201":{"start":{"line":480,"column":4},"end":{"line":488,"column":5}},"202":{"start":{"line":481,"column":6},"end":{"line":487,"column":7}},"203":{"start":{"line":482,"column":20},"end":{"line":482,"column":69}},"204":{"start":{"line":483,"column":8},"end":{"line":483,"column":53}},"205":{"start":{"line":485,"column":8},"end":{"line":485,"column":27}},"206":{"start":{"line":486,"column":8},"end":{"line":486,"column":48}},"207":{"start":{"line":492,"column":0},"end":{"line":517,"column":2}},"208":{"start":{"line":496,"column":4},"end":{"line":515,"column":5}},"209":{"start":{"line":497,"column":6},"end":{"line":502,"column":7}},"210":{"start":{"line":498,"column":8},"end":{"line":498,"column":58}},"211":{"start":{"line":499,"column":8},"end":{"line":501,"column":10}},"212":{"start":{"line":503,"column":6},"end":{"line":514,"column":7}},"213":{"start":{"line":504,"column":8},"end":{"line":507,"column":11}},"214":{"start":{"line":508,"column":8},"end":{"line":510,"column":10}},"215":{"start":{"line":512,"column":8},"end":{"line":512,"column":27}},"216":{"start":{"line":513,"column":8},"end":{"line":513,"column":48}},"217":{"start":{"line":519,"column":0},"end":{"line":533,"column":2}},"218":{"start":{"line":523,"column":4},"end":{"line":531,"column":5}},"219":{"start":{"line":524,"column":6},"end":{"line":530,"column":7}},"220":{"start":{"line":525,"column":20},"end":{"line":525,"column":66}},"221":{"start":{"line":526,"column":8},"end":{"line":526,"column":53}},"222":{"start":{"line":528,"column":8},"end":{"line":528,"column":27}},"223":{"start":{"line":529,"column":8},"end":{"line":529,"column":48}},"224":{"start":{"line":534,"column":0},"end":{"line":551,"column":2}},"225":{"start":{"line":538,"column":4},"end":{"line":549,"column":5}},"226":{"start":{"line":539,"column":22},"end":{"line":539,"column":37}},"227":{"start":{"line":540,"column":20},"end":{"line":540,"column":49}},"228":{"start":{"line":541,"column":23},"end":{"line":541,"column":73}},"229":{"start":{"line":542,"column":23},"end":{"line":542,"column":74}},"230":{"start":{"line":543,"column":6},"end":{"line":548,"column":9}},"231":{"start":{"line":552,"column":0},"end":{"line":589,"column":2}},"232":{"start":{"line":556,"column":4},"end":{"line":587,"column":5}},"233":{"start":{"line":557,"column":6},"end":{"line":565,"column":7}},"234":{"start":{"line":558,"column":8},"end":{"line":561,"column":10}},"235":{"start":{"line":562,"column":8},"end":{"line":564,"column":10}},"236":{"start":{"line":566,"column":28},"end":{"line":569,"column":7}},"237":{"start":{"line":570,"column":6},"end":{"line":575,"column":7}},"238":{"start":{"line":571,"column":8},"end":{"line":571,"column":68}},"239":{"start":{"line":572,"column":8},"end":{"line":574,"column":10}},"240":{"start":{"line":576,"column":6},"end":{"line":586,"column":7}},"241":{"start":{"line":577,"column":8},"end":{"line":581,"column":10}},"242":{"start":{"line":582,"column":8},"end":{"line":582,"column":69}},"243":{"start":{"line":584,"column":8},"end":{"line":584,"column":27}},"244":{"start":{"line":585,"column":8},"end":{"line":585,"column":15}},"245":{"start":{"line":590,"column":0},"end":{"line":609,"column":2}},"246":{"start":{"line":594,"column":4},"end":{"line":607,"column":5}},"247":{"start":{"line":595,"column":22},"end":{"line":595,"column":37}},"248":{"start":{"line":596,"column":20},"end":{"line":596,"column":49}},"249":{"start":{"line":597,"column":23},"end":{"line":597,"column":73}},"250":{"start":{"line":598,"column":23},"end":{"line":598,"column":74}},"251":{"start":{"line":599,"column":21},"end":{"line":599,"column":68}},"252":{"start":{"line":600,"column":6},"end":{"line":606,"column":9}},"253":{"start":{"line":610,"column":0},"end":{"line":629,"column":2}},"254":{"start":{"line":614,"column":4},"end":{"line":627,"column":5}},"255":{"start":{"line":615,"column":6},"end":{"line":626,"column":7}},"256":{"start":{"line":616,"column":8},"end":{"line":619,"column":10}},"257":{"start":{"line":620,"column":8},"end":{"line":622,"column":10}},"258":{"start":{"line":624,"column":8},"end":{"line":624,"column":27}},"259":{"start":{"line":625,"column":8},"end":{"line":625,"column":15}},"260":{"start":{"line":631,"column":0},"end":{"line":658,"column":2}},"261":{"start":{"line":635,"column":4},"end":{"line":656,"column":5}},"262":{"start":{"line":637,"column":27},"end":{"line":640,"column":7}},"263":{"start":{"line":641,"column":24},"end":{"line":641,"column":69}},"264":{"start":{"line":642,"column":23},"end":{"line":642,"column":65}},"265":{"start":{"line":643,"column":6},"end":{"line":655,"column":7}},"266":{"start":{"line":644,"column":8},"end":{"line":650,"column":11}},"267":{"start":{"line":652,"column":8},"end":{"line":654,"column":11}},"268":{"start":{"line":659,"column":0},"end":{"line":684,"column":3}},"269":{"start":{"line":660,"column":2},"end":{"line":683,"column":3}},"270":{"start":{"line":661,"column":4},"end":{"line":682,"column":5}},"271":{"start":{"line":666,"column":31},"end":{"line":668,"column":7}},"272":{"start":{"line":669,"column":28},"end":{"line":669,"column":71}},"273":{"start":{"line":670,"column":23},"end":{"line":670,"column":65}},"274":{"start":{"line":671,"column":6},"end":{"line":678,"column":9}},"275":{"start":{"line":680,"column":6},"end":{"line":680,"column":25}},"276":{"start":{"line":681,"column":6},"end":{"line":681,"column":46}},"277":{"start":{"line":686,"column":0},"end":{"line":711,"column":3}},"278":{"start":{"line":687,"column":2},"end":{"line":710,"column":3}},"279":{"start":{"line":688,"column":4},"end":{"line":709,"column":5}},"280":{"start":{"line":689,"column":23},"end":{"line":692,"column":7}},"281":{"start":{"line":693,"column":18},"end":{"line":693,"column":60}},"282":{"start":{"line":694,"column":31},"end":{"line":696,"column":7}},"283":{"start":{"line":697,"column":28},"end":{"line":697,"column":71}},"284":{"start":{"line":698,"column":6},"end":{"line":705,"column":9}},"285":{"start":{"line":707,"column":6},"end":{"line":707,"column":25}},"286":{"start":{"line":708,"column":6},"end":{"line":708,"column":46}},"287":{"start":{"line":713,"column":0},"end":{"line":729,"column":2}},"288":{"start":{"line":717,"column":4},"end":{"line":727,"column":5}},"289":{"start":{"line":718,"column":25},"end":{"line":718,"column":70}},"290":{"start":{"line":719,"column":6},"end":{"line":726,"column":7}},"291":{"start":{"line":720,"column":8},"end":{"line":723,"column":11}},"292":{"start":{"line":725,"column":8},"end":{"line":725,"column":45}},"293":{"start":{"line":731,"column":0},"end":{"line":740,"column":2}},"294":{"start":{"line":738,"column":4},"end":{"line":738,"column":66}},"295":{"start":{"line":742,"column":0},"end":{"line":774,"column":2}},"296":{"start":{"line":746,"column":4},"end":{"line":772,"column":5}},"297":{"start":{"line":747,"column":6},"end":{"line":750,"column":7}},"298":{"start":{"line":748,"column":8},"end":{"line":748,"column":61}},"299":{"start":{"line":749,"column":8},"end":{"line":749,"column":70}},"300":{"start":{"line":751,"column":6},"end":{"line":754,"column":7}},"301":{"start":{"line":752,"column":8},"end":{"line":752,"column":62}},"302":{"start":{"line":753,"column":8},"end":{"line":753,"column":70}},"303":{"start":{"line":755,"column":6},"end":{"line":758,"column":7}},"304":{"start":{"line":756,"column":8},"end":{"line":756,"column":79}},"305":{"start":{"line":757,"column":8},"end":{"line":757,"column":70}},"306":{"start":{"line":759,"column":24},"end":{"line":759,"column":76}},"307":{"start":{"line":760,"column":6},"end":{"line":771,"column":7}},"308":{"start":{"line":761,"column":8},"end":{"line":761,"column":77}},"309":{"start":{"line":762,"column":8},"end":{"line":762,"column":65}},"310":{"start":{"line":764,"column":8},"end":{"line":764,"column":27}},"311":{"start":{"line":765,"column":8},"end":{"line":768,"column":10}},"312":{"start":{"line":769,"column":8},"end":{"line":769,"column":63}},"313":{"start":{"line":770,"column":8},"end":{"line":770,"column":70}},"314":{"start":{"line":776,"column":0},"end":{"line":808,"column":2}},"315":{"start":{"line":780,"column":4},"end":{"line":806,"column":5}},"316":{"start":{"line":781,"column":6},"end":{"line":805,"column":7}},"317":{"start":{"line":782,"column":24},"end":{"line":782,"column":39}},"318":{"start":{"line":783,"column":25},"end":{"line":786,"column":9}},"319":{"start":{"line":787,"column":8},"end":{"line":790,"column":9}},"320":{"start":{"line":788,"column":10},"end":{"line":788,"column":80}},"321":{"start":{"line":789,"column":10},"end":{"line":789,"column":71}},"322":{"start":{"line":791,"column":22},"end":{"line":791,"column":63}},"323":{"start":{"line":792,"column":8},"end":{"line":792,"column":30}},"324":{"start":{"line":793,"column":8},"end":{"line":799,"column":9}},"325":{"start":{"line":794,"column":10},"end":{"line":797,"column":12}},"326":{"start":{"line":798,"column":10},"end":{"line":798,"column":71}},"327":{"start":{"line":800,"column":20},"end":{"line":800,"column":63}},"328":{"start":{"line":801,"column":8},"end":{"line":801,"column":53}},"329":{"start":{"line":803,"column":8},"end":{"line":803,"column":27}},"330":{"start":{"line":804,"column":8},"end":{"line":804,"column":48}},"331":{"start":{"line":809,"column":0},"end":{"line":854,"column":2}},"332":{"start":{"line":813,"column":4},"end":{"line":852,"column":5}},"333":{"start":{"line":814,"column":23},"end":{"line":816,"column":8}},"334":{"start":{"line":817,"column":6},"end":{"line":823,"column":7}},"335":{"start":{"line":818,"column":8},"end":{"line":821,"column":10}},"336":{"start":{"line":822,"column":8},"end":{"line":822,"column":74}},"337":{"start":{"line":825,"column":6},"end":{"line":834,"column":7}},"338":{"start":{"line":825,"column":19},"end":{"line":825,"column":20}},"339":{"start":{"line":826,"column":23},"end":{"line":826,"column":68}},"340":{"start":{"line":827,"column":8},"end":{"line":833,"column":9}},"341":{"start":{"line":828,"column":10},"end":{"line":831,"column":12}},"342":{"start":{"line":832,"column":10},"end":{"line":832,"column":76}},"343":{"start":{"line":836,"column":21},"end":{"line":836,"column":66}},"344":{"start":{"line":837,"column":6},"end":{"line":843,"column":7}},"345":{"start":{"line":838,"column":8},"end":{"line":841,"column":10}},"346":{"start":{"line":842,"column":8},"end":{"line":842,"column":74}},"347":{"start":{"line":845,"column":6},"end":{"line":851,"column":7}},"348":{"start":{"line":846,"column":8},"end":{"line":846,"column":49}},"349":{"start":{"line":847,"column":8},"end":{"line":847,"column":74}},"350":{"start":{"line":849,"column":8},"end":{"line":849,"column":27}},"351":{"start":{"line":850,"column":8},"end":{"line":850,"column":36}},"352":{"start":{"line":856,"column":0},"end":{"line":882,"column":2}},"353":{"start":{"line":860,"column":4},"end":{"line":880,"column":5}},"354":{"start":{"line":861,"column":23},"end":{"line":861,"column":65}},"355":{"start":{"line":862,"column":25},"end":{"line":862,"column":27}},"356":{"start":{"line":863,"column":23},"end":{"line":863,"column":75}},"357":{"start":{"line":865,"column":6},"end":{"line":868,"column":7}},"358":{"start":{"line":865,"column":19},"end":{"line":865,"column":20}},"359":{"start":{"line":866,"column":27},"end":{"line":866,"column":72}},"360":{"start":{"line":867,"column":8},"end":{"line":867,"column":36}},"361":{"start":{"line":869,"column":6},"end":{"line":872,"column":7}},"362":{"start":{"line":870,"column":8},"end":{"line":870,"column":77}},"363":{"start":{"line":871,"column":8},"end":{"line":871,"column":74}},"364":{"start":{"line":874,"column":6},"end":{"line":879,"column":9}},"365":{"start":{"line":884,"column":0},"end":{"line":931,"column":3}},"366":{"start":{"line":885,"column":2},"end":{"line":930,"column":3}},"367":{"start":{"line":886,"column":21},"end":{"line":886,"column":76}},"368":{"start":{"line":887,"column":26},"end":{"line":887,"column":72}},"369":{"start":{"line":888,"column":24},"end":{"line":888,"column":65}},"370":{"start":{"line":889,"column":23},"end":{"line":889,"column":25}},"371":{"start":{"line":890,"column":26},"end":{"line":890,"column":28}},"372":{"start":{"line":891,"column":24},"end":{"line":891,"column":26}},"373":{"start":{"line":892,"column":4},"end":{"line":894,"column":5}},"374":{"start":{"line":892,"column":17},"end":{"line":892,"column":18}},"375":{"start":{"line":893,"column":6},"end":{"line":893,"column":56}},"376":{"start":{"line":896,"column":4},"end":{"line":911,"column":5}},"377":{"start":{"line":896,"column":17},"end":{"line":896,"column":18}},"378":{"start":{"line":897,"column":24},"end":{"line":897,"column":74}},"379":{"start":{"line":898,"column":6},"end":{"line":898,"column":37}},"380":{"start":{"line":899,"column":26},"end":{"line":899,"column":28}},"381":{"start":{"line":900,"column":6},"end":{"line":900,"column":31}},"382":{"start":{"line":901,"column":6},"end":{"line":909,"column":7}},"383":{"start":{"line":901,"column":19},"end":{"line":901,"column":20}},"384":{"start":{"line":902,"column":26},"end":{"line":906,"column":9}},"385":{"start":{"line":907,"column":8},"end":{"line":907,"column":33}},"386":{"start":{"line":908,"column":8},"end":{"line":908,"column":40}},"387":{"start":{"line":910,"column":6},"end":{"line":910,"column":42}},"388":{"start":{"line":912,"column":4},"end":{"line":926,"column":5}},"389":{"start":{"line":913,"column":6},"end":{"line":920,"column":9}},"390":{"start":{"line":922,"column":6},"end":{"line":925,"column":9}},"391":{"start":{"line":928,"column":4},"end":{"line":928,"column":23}},"392":{"start":{"line":929,"column":4},"end":{"line":929,"column":44}},"393":{"start":{"line":933,"column":0},"end":{"line":935,"column":3}},"394":{"start":{"line":934,"column":2},"end":{"line":934,"column":32}},"395":{"start":{"line":937,"column":0},"end":{"line":981,"column":3}},"396":{"start":{"line":938,"column":2},"end":{"line":941,"column":3}},"397":{"start":{"line":939,"column":4},"end":{"line":939,"column":63}},"398":{"start":{"line":940,"column":4},"end":{"line":940,"column":74}},"399":{"start":{"line":942,"column":19},"end":{"line":942,"column":74}},"400":{"start":{"line":944,"column":2},"end":{"line":946,"column":3}},"401":{"start":{"line":945,"column":4},"end":{"line":945,"column":74}},"402":{"start":{"line":948,"column":2},"end":{"line":980,"column":3}},"403":{"start":{"line":949,"column":21},"end":{"line":949,"column":76}},"404":{"start":{"line":950,"column":4},"end":{"line":976,"column":5}},"405":{"start":{"line":951,"column":6},"end":{"line":969,"column":7}},"406":{"start":{"line":952,"column":25},"end":{"line":952,"column":71}},"407":{"start":{"line":953,"column":25},"end":{"line":953,"column":27}},"408":{"start":{"line":954,"column":8},"end":{"line":957,"column":9}},"409":{"start":{"line":954,"column":21},"end":{"line":954,"column":22}},"410":{"start":{"line":955,"column":29},"end":{"line":955,"column":74}},"411":{"start":{"line":956,"column":10},"end":{"line":956,"column":38}},"412":{"start":{"line":958,"column":8},"end":{"line":966,"column":11}},"413":{"start":{"line":968,"column":8},"end":{"line":968,"column":42}},"414":{"start":{"line":970,"column":11},"end":{"line":976,"column":5}},"415":{"start":{"line":971,"column":6},"end":{"line":974,"column":8}},"416":{"start":{"line":975,"column":6},"end":{"line":975,"column":65}},"417":{"start":{"line":978,"column":4},"end":{"line":978,"column":23}},"418":{"start":{"line":979,"column":4},"end":{"line":979,"column":44}},"419":{"start":{"line":983,"column":0},"end":{"line":985,"column":3}},"420":{"start":{"line":984,"column":2},"end":{"line":984,"column":29}},"421":{"start":{"line":987,"column":0},"end":{"line":1010,"column":3}},"422":{"start":{"line":988,"column":2},"end":{"line":1009,"column":3}},"423":{"start":{"line":989,"column":19},"end":{"line":989,"column":69}},"424":{"start":{"line":990,"column":24},"end":{"line":990,"column":70}},"425":{"start":{"line":991,"column":4},"end":{"line":991,"column":31}},"426":{"start":{"line":992,"column":4},"end":{"line":1003,"column":5}},"427":{"start":{"line":992,"column":17},"end":{"line":992,"column":18}},"428":{"start":{"line":993,"column":23},"end":{"line":993,"column":56}},"429":{"start":{"line":994,"column":6},"end":{"line":994,"column":30}},"430":{"start":{"line":995,"column":26},"end":{"line":995,"column":50}},"431":{"start":{"line":996,"column":6},"end":{"line":996,"column":33}},"432":{"start":{"line":997,"column":6},"end":{"line":1002,"column":9}},"433":{"start":{"line":1004,"column":4},"end":{"line":1004,"column":48}},"434":{"start":{"line":1005,"column":4},"end":{"line":1005,"column":40}},"435":{"start":{"line":1007,"column":4},"end":{"line":1007,"column":23}},"436":{"start":{"line":1008,"column":4},"end":{"line":1008,"column":44}},"437":{"start":{"line":1012,"column":0},"end":{"line":1030,"column":2}},"438":{"start":{"line":1016,"column":4},"end":{"line":1028,"column":5}},"439":{"start":{"line":1017,"column":6},"end":{"line":1027,"column":7}},"440":{"start":{"line":1018,"column":8},"end":{"line":1021,"column":9}},"441":{"start":{"line":1019,"column":10},"end":{"line":1019,"column":68}},"442":{"start":{"line":1020,"column":10},"end":{"line":1020,"column":76}},"443":{"start":{"line":1022,"column":8},"end":{"line":1022,"column":46}},"444":{"start":{"line":1023,"column":8},"end":{"line":1023,"column":74}},"445":{"start":{"line":1025,"column":8},"end":{"line":1025,"column":27}},"446":{"start":{"line":1026,"column":8},"end":{"line":1026,"column":36}},"447":{"start":{"line":1031,"column":0},"end":{"line":1043,"column":2}},"448":{"start":{"line":1035,"column":4},"end":{"line":1041,"column":5}},"449":{"start":{"line":1036,"column":6},"end":{"line":1038,"column":9}},"450":{"start":{"line":1039,"column":11},"end":{"line":1041,"column":5}},"451":{"start":{"line":1040,"column":6},"end":{"line":1040,"column":33}},"452":{"start":{"line":1045,"column":0},"end":{"line":1088,"column":2}},"453":{"start":{"line":1049,"column":4},"end":{"line":1086,"column":5}},"454":{"start":{"line":1050,"column":6},"end":{"line":1053,"column":7}},"455":{"start":{"line":1051,"column":8},"end":{"line":1051,"column":71}},"456":{"start":{"line":1052,"column":8},"end":{"line":1052,"column":57}},"457":{"start":{"line":1054,"column":6},"end":{"line":1057,"column":7}},"458":{"start":{"line":1055,"column":8},"end":{"line":1055,"column":71}},"459":{"start":{"line":1056,"column":8},"end":{"line":1056,"column":57}},"460":{"start":{"line":1058,"column":6},"end":{"line":1061,"column":7}},"461":{"start":{"line":1059,"column":8},"end":{"line":1059,"column":74}},"462":{"start":{"line":1060,"column":8},"end":{"line":1060,"column":57}},"463":{"start":{"line":1062,"column":30},"end":{"line":1065,"column":7}},"464":{"start":{"line":1066,"column":22},"end":{"line":1069,"column":7}},"465":{"start":{"line":1071,"column":6},"end":{"line":1085,"column":7}},"466":{"start":{"line":1072,"column":8},"end":{"line":1081,"column":9}},"467":{"start":{"line":1073,"column":24},"end":{"line":1073,"column":65}},"468":{"start":{"line":1074,"column":10},"end":{"line":1078,"column":11}},"469":{"start":{"line":1075,"column":12},"end":{"line":1075,"column":69}},"470":{"start":{"line":1076,"column":12},"end":{"line":1076,"column":70}},"471":{"start":{"line":1077,"column":12},"end":{"line":1077,"column":49}},"472":{"start":{"line":1080,"column":10},"end":{"line":1080,"column":50}},"473":{"start":{"line":1083,"column":8},"end":{"line":1083,"column":66}},"474":{"start":{"line":1084,"column":8},"end":{"line":1084,"column":57}},"475":{"start":{"line":1090,"column":0},"end":{"line":1141,"column":2}},"476":{"start":{"line":1094,"column":4},"end":{"line":1139,"column":5}},"477":{"start":{"line":1095,"column":23},"end":{"line":1095,"column":78}},"478":{"start":{"line":1096,"column":28},"end":{"line":1096,"column":74}},"479":{"start":{"line":1097,"column":26},"end":{"line":1097,"column":67}},"480":{"start":{"line":1098,"column":25},"end":{"line":1098,"column":27}},"481":{"start":{"line":1099,"column":28},"end":{"line":1099,"column":30}},"482":{"start":{"line":1100,"column":26},"end":{"line":1100,"column":28}},"483":{"start":{"line":1101,"column":6},"end":{"line":1103,"column":7}},"484":{"start":{"line":1101,"column":19},"end":{"line":1101,"column":20}},"485":{"start":{"line":1102,"column":8},"end":{"line":1102,"column":58}},"486":{"start":{"line":1105,"column":6},"end":{"line":1120,"column":7}},"487":{"start":{"line":1105,"column":19},"end":{"line":1105,"column":20}},"488":{"start":{"line":1106,"column":26},"end":{"line":1106,"column":76}},"489":{"start":{"line":1107,"column":8},"end":{"line":1107,"column":39}},"490":{"start":{"line":1108,"column":28},"end":{"line":1108,"column":30}},"491":{"start":{"line":1109,"column":8},"end":{"line":1109,"column":33}},"492":{"start":{"line":1110,"column":8},"end":{"line":1118,"column":9}},"493":{"start":{"line":1110,"column":21},"end":{"line":1110,"column":22}},"494":{"start":{"line":1111,"column":28},"end":{"line":1115,"column":11}},"495":{"start":{"line":1116,"column":10},"end":{"line":1116,"column":35}},"496":{"start":{"line":1117,"column":10},"end":{"line":1117,"column":42}},"497":{"start":{"line":1119,"column":8},"end":{"line":1119,"column":44}},"498":{"start":{"line":1121,"column":31},"end":{"line":1121,"column":71}},"499":{"start":{"line":1122,"column":25},"end":{"line":1122,"column":62}},"500":{"start":{"line":1123,"column":24},"end":{"line":1123,"column":53}},"501":{"start":{"line":1124,"column":6},"end":{"line":1135,"column":9}},"502":{"start":{"line":1137,"column":6},"end":{"line":1137,"column":23}},"503":{"start":{"line":1138,"column":6},"end":{"line":1138,"column":54}},"504":{"start":{"line":1143,"column":0},"end":{"line":1173,"column":2}},"505":{"start":{"line":1147,"column":4},"end":{"line":1171,"column":5}},"506":{"start":{"line":1148,"column":22},"end":{"line":1148,"column":37}},"507":{"start":{"line":1149,"column":20},"end":{"line":1149,"column":49}},"508":{"start":{"line":1150,"column":23},"end":{"line":1150,"column":73}},"509":{"start":{"line":1151,"column":23},"end":{"line":1151,"column":74}},"510":{"start":{"line":1152,"column":6},"end":{"line":1159,"column":7}},"511":{"start":{"line":1153,"column":8},"end":{"line":1153,"column":75}},"512":{"start":{"line":1154,"column":8},"end":{"line":1157,"column":10}},"513":{"start":{"line":1158,"column":8},"end":{"line":1158,"column":47}},"514":{"start":{"line":1160,"column":6},"end":{"line":1168,"column":9}},"515":{"start":{"line":1169,"column":11},"end":{"line":1171,"column":5}},"516":{"start":{"line":1170,"column":6},"end":{"line":1170,"column":36}},"517":{"start":{"line":1174,"column":0},"end":{"line":1218,"column":2}},"518":{"start":{"line":1178,"column":4},"end":{"line":1216,"column":5}},"519":{"start":{"line":1179,"column":6},"end":{"line":1182,"column":7}},"520":{"start":{"line":1180,"column":8},"end":{"line":1180,"column":67}},"521":{"start":{"line":1181,"column":8},"end":{"line":1181,"column":44}},"522":{"start":{"line":1183,"column":6},"end":{"line":1186,"column":7}},"523":{"start":{"line":1184,"column":8},"end":{"line":1184,"column":64}},"524":{"start":{"line":1185,"column":8},"end":{"line":1185,"column":44}},"525":{"start":{"line":1187,"column":6},"end":{"line":1190,"column":7}},"526":{"start":{"line":1188,"column":8},"end":{"line":1188,"column":71}},"527":{"start":{"line":1189,"column":8},"end":{"line":1189,"column":44}},"528":{"start":{"line":1191,"column":23},"end":{"line":1191,"column":73}},"529":{"start":{"line":1192,"column":25},"end":{"line":1192,"column":36}},"530":{"start":{"line":1193,"column":28},"end":{"line":1196,"column":7}},"531":{"start":{"line":1197,"column":6},"end":{"line":1200,"column":7}},"532":{"start":{"line":1198,"column":8},"end":{"line":1198,"column":73}},"533":{"start":{"line":1199,"column":8},"end":{"line":1199,"column":68}},"534":{"start":{"line":1201,"column":6},"end":{"line":1213,"column":7}},"535":{"start":{"line":1202,"column":8},"end":{"line":1206,"column":11}},"536":{"start":{"line":1207,"column":8},"end":{"line":1207,"column":58}},"537":{"start":{"line":1208,"column":8},"end":{"line":1208,"column":47}},"538":{"start":{"line":1210,"column":8},"end":{"line":1210,"column":56}},"539":{"start":{"line":1211,"column":8},"end":{"line":1211,"column":27}},"540":{"start":{"line":1212,"column":8},"end":{"line":1212,"column":44}},"541":{"start":{"line":1214,"column":11},"end":{"line":1216,"column":5}},"542":{"start":{"line":1215,"column":6},"end":{"line":1215,"column":36}},"543":{"start":{"line":1220,"column":0},"end":{"line":1220,"column":21}}},"fnMap":{"0":{"name":"(anonymous_0)","decl":{"start":{"line":43,"column":8},"end":{"line":43,"column":9}},"loc":{"start":{"line":43,"column":37},"end":{"line":46,"column":1}},"line":43},"1":{"name":"(anonymous_1)","decl":{"start":{"line":57,"column":4},"end":{"line":57,"column":5}},"loc":{"start":{"line":57,"column":34},"end":{"line":70,"column":5}},"line":57},"2":{"name":"(anonymous_2)","decl":{"start":{"line":59,"column":14},"end":{"line":59,"column":15}},"loc":{"start":{"line":59,"column":30},"end":{"line":66,"column":9}},"line":59},"3":{"name":"(anonymous_3)","decl":{"start":{"line":67,"column":15},"end":{"line":67,"column":16}},"loc":{"start":{"line":67,"column":21},"end":{"line":69,"column":9}},"line":67},"4":{"name":"(anonymous_4)","decl":{"start":{"line":80,"column":4},"end":{"line":80,"column":5}},"loc":{"start":{"line":80,"column":34},"end":{"line":97,"column":5}},"line":80},"5":{"name":"(anonymous_5)","decl":{"start":{"line":84,"column":14},"end":{"line":84,"column":15}},"loc":{"start":{"line":84,"column":30},"end":{"line":91,"column":9}},"line":84},"6":{"name":"(anonymous_6)","decl":{"start":{"line":92,"column":15},"end":{"line":92,"column":16}},"loc":{"start":{"line":92,"column":21},"end":{"line":96,"column":9}},"line":92},"7":{"name":"(anonymous_7)","decl":{"start":{"line":102,"column":23},"end":{"line":102,"column":24}},"loc":{"start":{"line":102,"column":39},"end":{"line":104,"column":1}},"line":102},"8":{"name":"(anonymous_8)","decl":{"start":{"line":105,"column":25},"end":{"line":105,"column":26}},"loc":{"start":{"line":105,"column":39},"end":{"line":123,"column":1}},"line":105},"9":{"name":"(anonymous_9)","decl":{"start":{"line":108,"column":12},"end":{"line":108,"column":13}},"loc":{"start":{"line":108,"column":22},"end":{"line":110,"column":7}},"line":108},"10":{"name":"(anonymous_10)","decl":{"start":{"line":111,"column":13},"end":{"line":111,"column":14}},"loc":{"start":{"line":111,"column":24},"end":{"line":113,"column":7}},"line":111},"11":{"name":"(anonymous_11)","decl":{"start":{"line":116,"column":12},"end":{"line":116,"column":13}},"loc":{"start":{"line":116,"column":22},"end":{"line":118,"column":7}},"line":116},"12":{"name":"(anonymous_12)","decl":{"start":{"line":119,"column":13},"end":{"line":119,"column":14}},"loc":{"start":{"line":119,"column":24},"end":{"line":121,"column":7}},"line":119},"13":{"name":"(anonymous_13)","decl":{"start":{"line":131,"column":2},"end":{"line":131,"column":3}},"loc":{"start":{"line":131,"column":31},"end":{"line":133,"column":3}},"line":131},"14":{"name":"(anonymous_14)","decl":{"start":{"line":136,"column":13},"end":{"line":136,"column":14}},"loc":{"start":{"line":136,"column":36},"end":{"line":153,"column":1}},"line":136},"15":{"name":"(anonymous_15)","decl":{"start":{"line":141,"column":21},"end":{"line":141,"column":22}},"loc":{"start":{"line":141,"column":30},"end":{"line":146,"column":7}},"line":141},"16":{"name":"(anonymous_16)","decl":{"start":{"line":158,"column":2},"end":{"line":158,"column":3}},"loc":{"start":{"line":158,"column":31},"end":{"line":163,"column":3}},"line":158},"17":{"name":"(anonymous_17)","decl":{"start":{"line":169,"column":2},"end":{"line":169,"column":3}},"loc":{"start":{"line":169,"column":31},"end":{"line":195,"column":3}},"line":169},"18":{"name":"(anonymous_18)","decl":{"start":{"line":200,"column":2},"end":{"line":200,"column":3}},"loc":{"start":{"line":200,"column":31},"end":{"line":210,"column":3}},"line":200},"19":{"name":"(anonymous_19)","decl":{"start":{"line":216,"column":2},"end":{"line":216,"column":3}},"loc":{"start":{"line":216,"column":31},"end":{"line":246,"column":3}},"line":216},"20":{"name":"(anonymous_20)","decl":{"start":{"line":249,"column":19},"end":{"line":249,"column":20}},"loc":{"start":{"line":249,"column":42},"end":{"line":258,"column":1}},"line":249},"21":{"name":"(anonymous_21)","decl":{"start":{"line":260,"column":20},"end":{"line":260,"column":21}},"loc":{"start":{"line":260,"column":49},"end":{"line":268,"column":1}},"line":260},"22":{"name":"(anonymous_22)","decl":{"start":{"line":261,"column":17},"end":{"line":261,"column":18}},"loc":{"start":{"line":261,"column":28},"end":{"line":267,"column":3}},"line":261},"23":{"name":"(anonymous_23)","decl":{"start":{"line":270,"column":18},"end":{"line":270,"column":19}},"loc":{"start":{"line":270,"column":41},"end":{"line":278,"column":1}},"line":270},"24":{"name":"(anonymous_24)","decl":{"start":{"line":280,"column":19},"end":{"line":280,"column":20}},"loc":{"start":{"line":280,"column":48},"end":{"line":319,"column":1}},"line":280},"25":{"name":"(anonymous_25)","decl":{"start":{"line":305,"column":24},"end":{"line":305,"column":25}},"loc":{"start":{"line":305,"column":33},"end":{"line":313,"column":5}},"line":305},"26":{"name":"(anonymous_26)","decl":{"start":{"line":324,"column":2},"end":{"line":324,"column":3}},"loc":{"start":{"line":324,"column":31},"end":{"line":355,"column":3}},"line":324},"27":{"name":"(anonymous_27)","decl":{"start":{"line":360,"column":2},"end":{"line":360,"column":3}},"loc":{"start":{"line":360,"column":31},"end":{"line":390,"column":3}},"line":360},"28":{"name":"(anonymous_28)","decl":{"start":{"line":395,"column":2},"end":{"line":395,"column":3}},"loc":{"start":{"line":395,"column":31},"end":{"line":402,"column":3}},"line":395},"29":{"name":"(anonymous_29)","decl":{"start":{"line":408,"column":2},"end":{"line":408,"column":3}},"loc":{"start":{"line":408,"column":31},"end":{"line":442,"column":3}},"line":408},"30":{"name":"(anonymous_30)","decl":{"start":{"line":448,"column":2},"end":{"line":448,"column":3}},"loc":{"start":{"line":448,"column":31},"end":{"line":473,"column":3}},"line":448},"31":{"name":"(anonymous_31)","decl":{"start":{"line":479,"column":2},"end":{"line":479,"column":3}},"loc":{"start":{"line":479,"column":31},"end":{"line":489,"column":3}},"line":479},"32":{"name":"(anonymous_32)","decl":{"start":{"line":495,"column":2},"end":{"line":495,"column":3}},"loc":{"start":{"line":495,"column":31},"end":{"line":516,"column":3}},"line":495},"33":{"name":"(anonymous_33)","decl":{"start":{"line":522,"column":2},"end":{"line":522,"column":3}},"loc":{"start":{"line":522,"column":31},"end":{"line":532,"column":3}},"line":522},"34":{"name":"(anonymous_34)","decl":{"start":{"line":537,"column":2},"end":{"line":537,"column":3}},"loc":{"start":{"line":537,"column":31},"end":{"line":550,"column":3}},"line":537},"35":{"name":"(anonymous_35)","decl":{"start":{"line":555,"column":2},"end":{"line":555,"column":3}},"loc":{"start":{"line":555,"column":31},"end":{"line":588,"column":3}},"line":555},"36":{"name":"(anonymous_36)","decl":{"start":{"line":593,"column":2},"end":{"line":593,"column":3}},"loc":{"start":{"line":593,"column":31},"end":{"line":608,"column":3}},"line":593},"37":{"name":"(anonymous_37)","decl":{"start":{"line":613,"column":2},"end":{"line":613,"column":3}},"loc":{"start":{"line":613,"column":31},"end":{"line":628,"column":3}},"line":613},"38":{"name":"(anonymous_38)","decl":{"start":{"line":634,"column":2},"end":{"line":634,"column":3}},"loc":{"start":{"line":634,"column":31},"end":{"line":657,"column":3}},"line":634},"39":{"name":"(anonymous_39)","decl":{"start":{"line":659,"column":39},"end":{"line":659,"column":40}},"loc":{"start":{"line":659,"column":68},"end":{"line":684,"column":1}},"line":659},"40":{"name":"(anonymous_40)","decl":{"start":{"line":686,"column":42},"end":{"line":686,"column":43}},"loc":{"start":{"line":686,"column":71},"end":{"line":711,"column":1}},"line":686},"41":{"name":"(anonymous_41)","decl":{"start":{"line":716,"column":2},"end":{"line":716,"column":3}},"loc":{"start":{"line":716,"column":31},"end":{"line":728,"column":3}},"line":716},"42":{"name":"(anonymous_42)","decl":{"start":{"line":737,"column":2},"end":{"line":737,"column":3}},"loc":{"start":{"line":737,"column":31},"end":{"line":739,"column":3}},"line":737},"43":{"name":"(anonymous_43)","decl":{"start":{"line":745,"column":2},"end":{"line":745,"column":3}},"loc":{"start":{"line":745,"column":31},"end":{"line":773,"column":3}},"line":745},"44":{"name":"(anonymous_44)","decl":{"start":{"line":779,"column":2},"end":{"line":779,"column":3}},"loc":{"start":{"line":779,"column":31},"end":{"line":807,"column":3}},"line":779},"45":{"name":"(anonymous_45)","decl":{"start":{"line":812,"column":2},"end":{"line":812,"column":3}},"loc":{"start":{"line":812,"column":31},"end":{"line":853,"column":3}},"line":812},"46":{"name":"(anonymous_46)","decl":{"start":{"line":859,"column":2},"end":{"line":859,"column":3}},"loc":{"start":{"line":859,"column":31},"end":{"line":881,"column":3}},"line":859},"47":{"name":"(anonymous_47)","decl":{"start":{"line":884,"column":36},"end":{"line":884,"column":37}},"loc":{"start":{"line":884,"column":65},"end":{"line":931,"column":1}},"line":884},"48":{"name":"(anonymous_48)","decl":{"start":{"line":933,"column":46},"end":{"line":933,"column":47}},"loc":{"start":{"line":933,"column":75},"end":{"line":935,"column":1}},"line":933},"49":{"name":"(anonymous_49)","decl":{"start":{"line":937,"column":29},"end":{"line":937,"column":30}},"loc":{"start":{"line":937,"column":58},"end":{"line":981,"column":1}},"line":937},"50":{"name":"(anonymous_50)","decl":{"start":{"line":983,"column":36},"end":{"line":983,"column":37}},"loc":{"start":{"line":983,"column":65},"end":{"line":985,"column":1}},"line":983},"51":{"name":"(anonymous_51)","decl":{"start":{"line":987,"column":49},"end":{"line":987,"column":50}},"loc":{"start":{"line":987,"column":78},"end":{"line":1010,"column":1}},"line":987},"52":{"name":"(anonymous_52)","decl":{"start":{"line":1015,"column":2},"end":{"line":1015,"column":3}},"loc":{"start":{"line":1015,"column":31},"end":{"line":1029,"column":3}},"line":1015},"53":{"name":"(anonymous_53)","decl":{"start":{"line":1034,"column":2},"end":{"line":1034,"column":3}},"loc":{"start":{"line":1034,"column":25},"end":{"line":1042,"column":3}},"line":1034},"54":{"name":"(anonymous_54)","decl":{"start":{"line":1048,"column":2},"end":{"line":1048,"column":3}},"loc":{"start":{"line":1048,"column":31},"end":{"line":1087,"column":3}},"line":1048},"55":{"name":"(anonymous_55)","decl":{"start":{"line":1093,"column":2},"end":{"line":1093,"column":3}},"loc":{"start":{"line":1093,"column":31},"end":{"line":1140,"column":3}},"line":1093},"56":{"name":"(anonymous_56)","decl":{"start":{"line":1146,"column":2},"end":{"line":1146,"column":3}},"loc":{"start":{"line":1146,"column":31},"end":{"line":1172,"column":3}},"line":1146},"57":{"name":"(anonymous_57)","decl":{"start":{"line":1177,"column":2},"end":{"line":1177,"column":3}},"loc":{"start":{"line":1177,"column":31},"end":{"line":1217,"column":3}},"line":1177}},"branchMap":{"0":{"loc":{"start":{"line":61,"column":10},"end":{"line":65,"column":11}},"type":"if","locations":[{"start":{"line":61,"column":10},"end":{"line":65,"column":11}},{"start":{"line":63,"column":17},"end":{"line":65,"column":11}}],"line":61},"1":{"loc":{"start":{"line":86,"column":10},"end":{"line":90,"column":11}},"type":"if","locations":[{"start":{"line":86,"column":10},"end":{"line":90,"column":11}},{"start":{"line":88,"column":17},"end":{"line":90,"column":11}}],"line":86},"2":{"loc":{"start":{"line":106,"column":2},"end":{"line":122,"column":3}},"type":"if","locations":[{"start":{"line":106,"column":2},"end":{"line":122,"column":3}},{"start":{"line":114,"column":9},"end":{"line":122,"column":3}}],"line":106},"3":{"loc":{"start":{"line":114,"column":9},"end":{"line":122,"column":3}},"type":"if","locations":[{"start":{"line":114,"column":9},"end":{"line":122,"column":3}},{"start":{},"end":{}}],"line":114},"4":{"loc":{"start":{"line":137,"column":2},"end":{"line":152,"column":3}},"type":"if","locations":[{"start":{"line":137,"column":2},"end":{"line":152,"column":3}},{"start":{"line":148,"column":9},"end":{"line":152,"column":3}}],"line":137},"5":{"loc":{"start":{"line":138,"column":4},"end":{"line":147,"column":5}},"type":"if","locations":[{"start":{"line":138,"column":4},"end":{"line":147,"column":5}},{"start":{"line":140,"column":11},"end":{"line":147,"column":5}}],"line":138},"6":{"loc":{"start":{"line":140,"column":11},"end":{"line":147,"column":5}},"type":"if","locations":[{"start":{"line":140,"column":11},"end":{"line":147,"column":5}},{"start":{},"end":{}}],"line":140},"7":{"loc":{"start":{"line":142,"column":8},"end":{"line":144,"column":9}},"type":"if","locations":[{"start":{"line":142,"column":8},"end":{"line":144,"column":9}},{"start":{},"end":{}}],"line":142},"8":{"loc":{"start":{"line":170,"column":4},"end":{"line":194,"column":5}},"type":"if","locations":[{"start":{"line":170,"column":4},"end":{"line":194,"column":5}},{"start":{"line":192,"column":11},"end":{"line":194,"column":5}}],"line":170},"9":{"loc":{"start":{"line":175,"column":8},"end":{"line":187,"column":9}},"type":"if","locations":[{"start":{"line":175,"column":8},"end":{"line":187,"column":9}},{"start":{"line":183,"column":15},"end":{"line":187,"column":9}}],"line":175},"10":{"loc":{"start":{"line":192,"column":11},"end":{"line":194,"column":5}},"type":"if","locations":[{"start":{"line":192,"column":11},"end":{"line":194,"column":5}},{"start":{},"end":{}}],"line":192},"11":{"loc":{"start":{"line":201,"column":4},"end":{"line":206,"column":5}},"type":"if","locations":[{"start":{"line":201,"column":4},"end":{"line":206,"column":5}},{"start":{},"end":{}}],"line":201},"12":{"loc":{"start":{"line":207,"column":4},"end":{"line":209,"column":5}},"type":"if","locations":[{"start":{"line":207,"column":4},"end":{"line":209,"column":5}},{"start":{},"end":{}}],"line":207},"13":{"loc":{"start":{"line":217,"column":4},"end":{"line":245,"column":5}},"type":"if","locations":[{"start":{"line":217,"column":4},"end":{"line":245,"column":5}},{"start":{"line":243,"column":11},"end":{"line":245,"column":5}}],"line":217},"14":{"loc":{"start":{"line":218,"column":6},"end":{"line":221,"column":7}},"type":"if","locations":[{"start":{"line":218,"column":6},"end":{"line":221,"column":7}},{"start":{},"end":{}}],"line":218},"15":{"loc":{"start":{"line":222,"column":6},"end":{"line":225,"column":7}},"type":"if","locations":[{"start":{"line":222,"column":6},"end":{"line":225,"column":7}},{"start":{},"end":{}}],"line":222},"16":{"loc":{"start":{"line":226,"column":6},"end":{"line":229,"column":7}},"type":"if","locations":[{"start":{"line":226,"column":6},"end":{"line":229,"column":7}},{"start":{},"end":{}}],"line":226},"17":{"loc":{"start":{"line":243,"column":11},"end":{"line":245,"column":5}},"type":"if","locations":[{"start":{"line":243,"column":11},"end":{"line":245,"column":5}},{"start":{},"end":{}}],"line":243},"18":{"loc":{"start":{"line":262,"column":4},"end":{"line":264,"column":5}},"type":"if","locations":[{"start":{"line":262,"column":4},"end":{"line":264,"column":5}},{"start":{},"end":{}}],"line":262},"19":{"loc":{"start":{"line":271,"column":2},"end":{"line":273,"column":3}},"type":"if","locations":[{"start":{"line":271,"column":2},"end":{"line":273,"column":3}},{"start":{},"end":{}}],"line":271},"20":{"loc":{"start":{"line":281,"column":2},"end":{"line":284,"column":3}},"type":"if","locations":[{"start":{"line":281,"column":2},"end":{"line":284,"column":3}},{"start":{},"end":{}}],"line":281},"21":{"loc":{"start":{"line":285,"column":2},"end":{"line":288,"column":3}},"type":"if","locations":[{"start":{"line":285,"column":2},"end":{"line":288,"column":3}},{"start":{},"end":{}}],"line":285},"22":{"loc":{"start":{"line":289,"column":2},"end":{"line":292,"column":3}},"type":"if","locations":[{"start":{"line":289,"column":2},"end":{"line":292,"column":3}},{"start":{},"end":{}}],"line":289},"23":{"loc":{"start":{"line":293,"column":2},"end":{"line":296,"column":3}},"type":"if","locations":[{"start":{"line":293,"column":2},"end":{"line":296,"column":3}},{"start":{},"end":{}}],"line":293},"24":{"loc":{"start":{"line":306,"column":6},"end":{"line":312,"column":7}},"type":"if","locations":[{"start":{"line":306,"column":6},"end":{"line":312,"column":7}},{"start":{"line":309,"column":13},"end":{"line":312,"column":7}}],"line":306},"25":{"loc":{"start":{"line":325,"column":4},"end":{"line":354,"column":5}},"type":"if","locations":[{"start":{"line":325,"column":4},"end":{"line":354,"column":5}},{"start":{},"end":{}}],"line":325},"26":{"loc":{"start":{"line":361,"column":4},"end":{"line":389,"column":5}},"type":"if","locations":[{"start":{"line":361,"column":4},"end":{"line":389,"column":5}},{"start":{},"end":{}}],"line":361},"27":{"loc":{"start":{"line":369,"column":6},"end":{"line":375,"column":7}},"type":"if","locations":[{"start":{"line":369,"column":6},"end":{"line":375,"column":7}},{"start":{},"end":{}}],"line":369},"28":{"loc":{"start":{"line":376,"column":6},"end":{"line":388,"column":7}},"type":"if","locations":[{"start":{"line":376,"column":6},"end":{"line":388,"column":7}},{"start":{"line":384,"column":13},"end":{"line":388,"column":7}}],"line":376},"29":{"loc":{"start":{"line":396,"column":4},"end":{"line":401,"column":5}},"type":"if","locations":[{"start":{"line":396,"column":4},"end":{"line":401,"column":5}},{"start":{},"end":{}}],"line":396},"30":{"loc":{"start":{"line":409,"column":4},"end":{"line":441,"column":5}},"type":"if","locations":[{"start":{"line":409,"column":4},"end":{"line":441,"column":5}},{"start":{},"end":{}}],"line":409},"31":{"loc":{"start":{"line":410,"column":6},"end":{"line":413,"column":7}},"type":"if","locations":[{"start":{"line":410,"column":6},"end":{"line":413,"column":7}},{"start":{},"end":{}}],"line":410},"32":{"loc":{"start":{"line":414,"column":6},"end":{"line":417,"column":7}},"type":"if","locations":[{"start":{"line":414,"column":6},"end":{"line":417,"column":7}},{"start":{},"end":{}}],"line":414},"33":{"loc":{"start":{"line":423,"column":6},"end":{"line":426,"column":7}},"type":"if","locations":[{"start":{"line":423,"column":6},"end":{"line":426,"column":7}},{"start":{},"end":{}}],"line":423},"34":{"loc":{"start":{"line":449,"column":4},"end":{"line":472,"column":5}},"type":"if","locations":[{"start":{"line":449,"column":4},"end":{"line":472,"column":5}},{"start":{},"end":{}}],"line":449},"35":{"loc":{"start":{"line":455,"column":8},"end":{"line":468,"column":9}},"type":"if","locations":[{"start":{"line":455,"column":8},"end":{"line":468,"column":9}},{"start":{"line":464,"column":15},"end":{"line":468,"column":9}}],"line":455},"36":{"loc":{"start":{"line":480,"column":4},"end":{"line":488,"column":5}},"type":"if","locations":[{"start":{"line":480,"column":4},"end":{"line":488,"column":5}},{"start":{},"end":{}}],"line":480},"37":{"loc":{"start":{"line":496,"column":4},"end":{"line":515,"column":5}},"type":"if","locations":[{"start":{"line":496,"column":4},"end":{"line":515,"column":5}},{"start":{},"end":{}}],"line":496},"38":{"loc":{"start":{"line":497,"column":6},"end":{"line":502,"column":7}},"type":"if","locations":[{"start":{"line":497,"column":6},"end":{"line":502,"column":7}},{"start":{},"end":{}}],"line":497},"39":{"loc":{"start":{"line":523,"column":4},"end":{"line":531,"column":5}},"type":"if","locations":[{"start":{"line":523,"column":4},"end":{"line":531,"column":5}},{"start":{},"end":{}}],"line":523},"40":{"loc":{"start":{"line":538,"column":4},"end":{"line":549,"column":5}},"type":"if","locations":[{"start":{"line":538,"column":4},"end":{"line":549,"column":5}},{"start":{},"end":{}}],"line":538},"41":{"loc":{"start":{"line":556,"column":4},"end":{"line":587,"column":5}},"type":"if","locations":[{"start":{"line":556,"column":4},"end":{"line":587,"column":5}},{"start":{},"end":{}}],"line":556},"42":{"loc":{"start":{"line":557,"column":6},"end":{"line":565,"column":7}},"type":"if","locations":[{"start":{"line":557,"column":6},"end":{"line":565,"column":7}},{"start":{},"end":{}}],"line":557},"43":{"loc":{"start":{"line":570,"column":6},"end":{"line":575,"column":7}},"type":"if","locations":[{"start":{"line":570,"column":6},"end":{"line":575,"column":7}},{"start":{},"end":{}}],"line":570},"44":{"loc":{"start":{"line":594,"column":4},"end":{"line":607,"column":5}},"type":"if","locations":[{"start":{"line":594,"column":4},"end":{"line":607,"column":5}},{"start":{},"end":{}}],"line":594},"45":{"loc":{"start":{"line":614,"column":4},"end":{"line":627,"column":5}},"type":"if","locations":[{"start":{"line":614,"column":4},"end":{"line":627,"column":5}},{"start":{},"end":{}}],"line":614},"46":{"loc":{"start":{"line":635,"column":4},"end":{"line":656,"column":5}},"type":"if","locations":[{"start":{"line":635,"column":4},"end":{"line":656,"column":5}},{"start":{},"end":{}}],"line":635},"47":{"loc":{"start":{"line":643,"column":6},"end":{"line":655,"column":7}},"type":"if","locations":[{"start":{"line":643,"column":6},"end":{"line":655,"column":7}},{"start":{"line":651,"column":13},"end":{"line":655,"column":7}}],"line":643},"48":{"loc":{"start":{"line":660,"column":2},"end":{"line":683,"column":3}},"type":"if","locations":[{"start":{"line":660,"column":2},"end":{"line":683,"column":3}},{"start":{},"end":{}}],"line":660},"49":{"loc":{"start":{"line":687,"column":2},"end":{"line":710,"column":3}},"type":"if","locations":[{"start":{"line":687,"column":2},"end":{"line":710,"column":3}},{"start":{},"end":{}}],"line":687},"50":{"loc":{"start":{"line":717,"column":4},"end":{"line":727,"column":5}},"type":"if","locations":[{"start":{"line":717,"column":4},"end":{"line":727,"column":5}},{"start":{},"end":{}}],"line":717},"51":{"loc":{"start":{"line":719,"column":6},"end":{"line":726,"column":7}},"type":"if","locations":[{"start":{"line":719,"column":6},"end":{"line":726,"column":7}},{"start":{"line":724,"column":13},"end":{"line":726,"column":7}}],"line":719},"52":{"loc":{"start":{"line":746,"column":4},"end":{"line":772,"column":5}},"type":"if","locations":[{"start":{"line":746,"column":4},"end":{"line":772,"column":5}},{"start":{},"end":{}}],"line":746},"53":{"loc":{"start":{"line":747,"column":6},"end":{"line":750,"column":7}},"type":"if","locations":[{"start":{"line":747,"column":6},"end":{"line":750,"column":7}},{"start":{},"end":{}}],"line":747},"54":{"loc":{"start":{"line":751,"column":6},"end":{"line":754,"column":7}},"type":"if","locations":[{"start":{"line":751,"column":6},"end":{"line":754,"column":7}},{"start":{},"end":{}}],"line":751},"55":{"loc":{"start":{"line":755,"column":6},"end":{"line":758,"column":7}},"type":"if","locations":[{"start":{"line":755,"column":6},"end":{"line":758,"column":7}},{"start":{},"end":{}}],"line":755},"56":{"loc":{"start":{"line":780,"column":4},"end":{"line":806,"column":5}},"type":"if","locations":[{"start":{"line":780,"column":4},"end":{"line":806,"column":5}},{"start":{},"end":{}}],"line":780},"57":{"loc":{"start":{"line":787,"column":8},"end":{"line":790,"column":9}},"type":"if","locations":[{"start":{"line":787,"column":8},"end":{"line":790,"column":9}},{"start":{},"end":{}}],"line":787},"58":{"loc":{"start":{"line":793,"column":8},"end":{"line":799,"column":9}},"type":"if","locations":[{"start":{"line":793,"column":8},"end":{"line":799,"column":9}},{"start":{},"end":{}}],"line":793},"59":{"loc":{"start":{"line":813,"column":4},"end":{"line":852,"column":5}},"type":"if","locations":[{"start":{"line":813,"column":4},"end":{"line":852,"column":5}},{"start":{},"end":{}}],"line":813},"60":{"loc":{"start":{"line":817,"column":6},"end":{"line":823,"column":7}},"type":"if","locations":[{"start":{"line":817,"column":6},"end":{"line":823,"column":7}},{"start":{},"end":{}}],"line":817},"61":{"loc":{"start":{"line":827,"column":8},"end":{"line":833,"column":9}},"type":"if","locations":[{"start":{"line":827,"column":8},"end":{"line":833,"column":9}},{"start":{},"end":{}}],"line":827},"62":{"loc":{"start":{"line":837,"column":6},"end":{"line":843,"column":7}},"type":"if","locations":[{"start":{"line":837,"column":6},"end":{"line":843,"column":7}},{"start":{},"end":{}}],"line":837},"63":{"loc":{"start":{"line":860,"column":4},"end":{"line":880,"column":5}},"type":"if","locations":[{"start":{"line":860,"column":4},"end":{"line":880,"column":5}},{"start":{},"end":{}}],"line":860},"64":{"loc":{"start":{"line":869,"column":6},"end":{"line":872,"column":7}},"type":"if","locations":[{"start":{"line":869,"column":6},"end":{"line":872,"column":7}},{"start":{},"end":{}}],"line":869},"65":{"loc":{"start":{"line":912,"column":4},"end":{"line":926,"column":5}},"type":"if","locations":[{"start":{"line":912,"column":4},"end":{"line":926,"column":5}},{"start":{"line":921,"column":11},"end":{"line":926,"column":5}}],"line":912},"66":{"loc":{"start":{"line":912,"column":8},"end":{"line":912,"column":44}},"type":"binary-expr","locations":[{"start":{"line":912,"column":8},"end":{"line":912,"column":26}},{"start":{"line":912,"column":30},"end":{"line":912,"column":44}}],"line":912},"67":{"loc":{"start":{"line":938,"column":2},"end":{"line":941,"column":3}},"type":"if","locations":[{"start":{"line":938,"column":2},"end":{"line":941,"column":3}},{"start":{},"end":{}}],"line":938},"68":{"loc":{"start":{"line":944,"column":2},"end":{"line":946,"column":3}},"type":"if","locations":[{"start":{"line":944,"column":2},"end":{"line":946,"column":3}},{"start":{},"end":{}}],"line":944},"69":{"loc":{"start":{"line":944,"column":6},"end":{"line":944,"column":45}},"type":"binary-expr","locations":[{"start":{"line":944,"column":6},"end":{"line":944,"column":24}},{"start":{"line":944,"column":28},"end":{"line":944,"column":45}}],"line":944},"70":{"loc":{"start":{"line":950,"column":4},"end":{"line":976,"column":5}},"type":"if","locations":[{"start":{"line":950,"column":4},"end":{"line":976,"column":5}},{"start":{"line":970,"column":11},"end":{"line":976,"column":5}}],"line":950},"71":{"loc":{"start":{"line":951,"column":6},"end":{"line":969,"column":7}},"type":"if","locations":[{"start":{"line":951,"column":6},"end":{"line":969,"column":7}},{"start":{"line":967,"column":13},"end":{"line":969,"column":7}}],"line":951},"72":{"loc":{"start":{"line":970,"column":11},"end":{"line":976,"column":5}},"type":"if","locations":[{"start":{"line":970,"column":11},"end":{"line":976,"column":5}},{"start":{},"end":{}}],"line":970},"73":{"loc":{"start":{"line":1016,"column":4},"end":{"line":1028,"column":5}},"type":"if","locations":[{"start":{"line":1016,"column":4},"end":{"line":1028,"column":5}},{"start":{},"end":{}}],"line":1016},"74":{"loc":{"start":{"line":1018,"column":8},"end":{"line":1021,"column":9}},"type":"if","locations":[{"start":{"line":1018,"column":8},"end":{"line":1021,"column":9}},{"start":{},"end":{}}],"line":1018},"75":{"loc":{"start":{"line":1035,"column":4},"end":{"line":1041,"column":5}},"type":"if","locations":[{"start":{"line":1035,"column":4},"end":{"line":1041,"column":5}},{"start":{"line":1039,"column":11},"end":{"line":1041,"column":5}}],"line":1035},"76":{"loc":{"start":{"line":1039,"column":11},"end":{"line":1041,"column":5}},"type":"if","locations":[{"start":{"line":1039,"column":11},"end":{"line":1041,"column":5}},{"start":{},"end":{}}],"line":1039},"77":{"loc":{"start":{"line":1049,"column":4},"end":{"line":1086,"column":5}},"type":"if","locations":[{"start":{"line":1049,"column":4},"end":{"line":1086,"column":5}},{"start":{},"end":{}}],"line":1049},"78":{"loc":{"start":{"line":1050,"column":6},"end":{"line":1053,"column":7}},"type":"if","locations":[{"start":{"line":1050,"column":6},"end":{"line":1053,"column":7}},{"start":{},"end":{}}],"line":1050},"79":{"loc":{"start":{"line":1054,"column":6},"end":{"line":1057,"column":7}},"type":"if","locations":[{"start":{"line":1054,"column":6},"end":{"line":1057,"column":7}},{"start":{},"end":{}}],"line":1054},"80":{"loc":{"start":{"line":1058,"column":6},"end":{"line":1061,"column":7}},"type":"if","locations":[{"start":{"line":1058,"column":6},"end":{"line":1061,"column":7}},{"start":{},"end":{}}],"line":1058},"81":{"loc":{"start":{"line":1071,"column":6},"end":{"line":1085,"column":7}},"type":"if","locations":[{"start":{"line":1071,"column":6},"end":{"line":1085,"column":7}},{"start":{"line":1082,"column":13},"end":{"line":1085,"column":7}}],"line":1071},"82":{"loc":{"start":{"line":1074,"column":10},"end":{"line":1078,"column":11}},"type":"if","locations":[{"start":{"line":1074,"column":10},"end":{"line":1078,"column":11}},{"start":{},"end":{}}],"line":1074},"83":{"loc":{"start":{"line":1147,"column":4},"end":{"line":1171,"column":5}},"type":"if","locations":[{"start":{"line":1147,"column":4},"end":{"line":1171,"column":5}},{"start":{"line":1169,"column":11},"end":{"line":1171,"column":5}}],"line":1147},"84":{"loc":{"start":{"line":1152,"column":6},"end":{"line":1159,"column":7}},"type":"if","locations":[{"start":{"line":1152,"column":6},"end":{"line":1159,"column":7}},{"start":{},"end":{}}],"line":1152},"85":{"loc":{"start":{"line":1169,"column":11},"end":{"line":1171,"column":5}},"type":"if","locations":[{"start":{"line":1169,"column":11},"end":{"line":1171,"column":5}},{"start":{},"end":{}}],"line":1169},"86":{"loc":{"start":{"line":1178,"column":4},"end":{"line":1216,"column":5}},"type":"if","locations":[{"start":{"line":1178,"column":4},"end":{"line":1216,"column":5}},{"start":{"line":1214,"column":11},"end":{"line":1216,"column":5}}],"line":1178},"87":{"loc":{"start":{"line":1179,"column":6},"end":{"line":1182,"column":7}},"type":"if","locations":[{"start":{"line":1179,"column":6},"end":{"line":1182,"column":7}},{"start":{},"end":{}}],"line":1179},"88":{"loc":{"start":{"line":1183,"column":6},"end":{"line":1186,"column":7}},"type":"if","locations":[{"start":{"line":1183,"column":6},"end":{"line":1186,"column":7}},{"start":{},"end":{}}],"line":1183},"89":{"loc":{"start":{"line":1187,"column":6},"end":{"line":1190,"column":7}},"type":"if","locations":[{"start":{"line":1187,"column":6},"end":{"line":1190,"column":7}},{"start":{},"end":{}}],"line":1187},"90":{"loc":{"start":{"line":1197,"column":6},"end":{"line":1200,"column":7}},"type":"if","locations":[{"start":{"line":1197,"column":6},"end":{"line":1200,"column":7}},{"start":{},"end":{}}],"line":1197},"91":{"loc":{"start":{"line":1214,"column":11},"end":{"line":1216,"column":5}},"type":"if","locations":[{"start":{"line":1214,"column":11},"end":{"line":1216,"column":5}},{"start":{},"end":{}}],"line":1214}},"s":{"0":1,"1":1,"2":1,"3":1,"4":1,"5":1,"6":1,"7":1,"8":1,"9":1,"10":1,"11":1,"12":1,"13":1,"14":1,"15":1,"16":1,"17":1,"18":1,"19":1,"20":1,"21":1,"22":1,"23":1,"24":1,"25":1,"26":1,"27":133,"28":133,"29":1,"30":1,"31":1,"32":14,"33":14,"34":14,"35":14,"36":0,"37":0,"38":1,"39":0,"40":0,"41":0,"42":0,"43":0,"44":0,"45":1,"46":1,"47":1,"48":15,"49":1,"50":100,"51":100,"52":100,"53":0,"54":0,"55":0,"56":0,"57":0,"58":1,"59":14,"60":1,"61":0,"62":0,"63":0,"64":0,"65":0,"66":0,"67":0,"68":0,"69":0,"70":1,"71":0,"72":1,"73":16,"74":16,"75":16,"76":16,"77":16,"78":16,"79":3,"80":13,"81":0,"82":0,"83":0,"84":0,"85":1,"86":14,"87":14,"88":14,"89":0,"90":1,"91":14,"92":14,"93":0,"94":0,"95":14,"96":0,"97":0,"98":14,"99":0,"100":0,"101":14,"102":14,"103":10,"104":4,"105":4,"106":4,"107":0,"108":0,"109":1,"110":1,"111":1,"112":0,"113":1,"114":2,"115":2,"116":0,"117":2,"118":2,"119":1,"120":15,"121":1,"122":14,"123":1,"124":1,"125":0,"126":0,"127":1,"128":0,"129":0,"130":1,"131":0,"132":0,"133":1,"134":0,"135":0,"136":1,"137":1,"138":1,"139":1,"140":1,"141":0,"142":0,"143":1,"144":1,"145":0,"146":0,"147":0,"148":1,"149":1,"150":1,"151":1,"152":1,"153":1,"154":1,"155":1,"156":1,"157":1,"158":0,"159":0,"160":1,"161":7,"162":7,"163":7,"164":7,"165":7,"166":0,"167":0,"168":7,"169":2,"170":5,"171":1,"172":7,"173":7,"174":1,"175":7,"176":7,"177":1,"178":1,"179":6,"180":0,"181":0,"182":6,"183":6,"184":0,"185":0,"186":6,"187":6,"188":6,"189":0,"190":0,"191":1,"192":7,"193":7,"194":7,"195":7,"196":7,"197":5,"198":2,"199":0,"200":1,"201":2,"202":2,"203":2,"204":2,"205":0,"206":0,"207":1,"208":3,"209":3,"210":0,"211":0,"212":3,"213":3,"214":3,"215":0,"216":0,"217":1,"218":2,"219":2,"220":2,"221":2,"222":0,"223":0,"224":1,"225":1,"226":1,"227":1,"228":1,"229":1,"230":1,"231":1,"232":1,"233":1,"234":0,"235":0,"236":1,"237":1,"238":0,"239":0,"240":1,"241":1,"242":1,"243":0,"244":0,"245":1,"246":1,"247":1,"248":1,"249":1,"250":1,"251":1,"252":1,"253":1,"254":1,"255":1,"256":1,"257":1,"258":0,"259":0,"260":1,"261":1,"262":1,"263":1,"264":1,"265":1,"266":1,"267":0,"268":1,"269":0,"270":0,"271":0,"272":0,"273":0,"274":0,"275":0,"276":0,"277":1,"278":0,"279":0,"280":0,"281":0,"282":0,"283":0,"284":0,"285":0,"286":0,"287":1,"288":3,"289":3,"290":3,"291":2,"292":1,"293":1,"294":0,"295":1,"296":2,"297":2,"298":0,"299":0,"300":2,"301":0,"302":0,"303":2,"304":0,"305":0,"306":2,"307":2,"308":2,"309":2,"310":0,"311":0,"312":0,"313":0,"314":1,"315":1,"316":1,"317":1,"318":1,"319":1,"320":0,"321":0,"322":1,"323":1,"324":1,"325":0,"326":0,"327":1,"328":1,"329":0,"330":0,"331":1,"332":2,"333":2,"334":2,"335":2,"336":2,"337":0,"338":0,"339":0,"340":0,"341":0,"342":0,"343":0,"344":0,"345":0,"346":0,"347":0,"348":0,"349":0,"350":0,"351":0,"352":1,"353":1,"354":1,"355":1,"356":1,"357":1,"358":1,"359":0,"360":0,"361":1,"362":0,"363":0,"364":1,"365":1,"366":1,"367":1,"368":1,"369":1,"370":1,"371":1,"372":1,"373":1,"374":1,"375":0,"376":1,"377":1,"378":0,"379":0,"380":0,"381":0,"382":0,"383":0,"384":0,"385":0,"386":0,"387":0,"388":1,"389":0,"390":1,"391":0,"392":0,"393":1,"394":0,"395":1,"396":0,"397":0,"398":0,"399":0,"400":0,"401":0,"402":0,"403":0,"404":0,"405":0,"406":0,"407":0,"408":0,"409":0,"410":0,"411":0,"412":0,"413":0,"414":0,"415":0,"416":0,"417":0,"418":0,"419":1,"420":0,"421":1,"422":0,"423":0,"424":0,"425":0,"426":0,"427":0,"428":0,"429":0,"430":0,"431":0,"432":0,"433":0,"434":0,"435":0,"436":0,"437":1,"438":1,"439":1,"440":1,"441":0,"442":0,"443":1,"444":1,"445":0,"446":0,"447":1,"448":0,"449":0,"450":0,"451":0,"452":1,"453":0,"454":0,"455":0,"456":0,"457":0,"458":0,"459":0,"460":0,"461":0,"462":0,"463":0,"464":0,"465":0,"466":0,"467":0,"468":0,"469":0,"470":0,"471":0,"472":0,"473":0,"474":0,"475":1,"476":1,"477":1,"478":1,"479":1,"480":1,"481":1,"482":1,"483":1,"484":1,"485":0,"486":1,"487":1,"488":0,"489":0,"490":0,"491":0,"492":0,"493":0,"494":0,"495":0,"496":0,"497":0,"498":1,"499":1,"500":1,"501":1,"502":0,"503":0,"504":1,"505":0,"506":0,"507":0,"508":0,"509":0,"510":0,"511":0,"512":0,"513":0,"514":0,"515":0,"516":0,"517":1,"518":0,"519":0,"520":0,"521":0,"522":0,"523":0,"524":0,"525":0,"526":0,"527":0,"528":0,"529":0,"530":0,"531":0,"532":0,"533":0,"534":0,"535":0,"536":0,"537":0,"538":0,"539":0,"540":0,"541":0,"542":0,"543":1},"f":{"0":133,"1":14,"2":14,"3":0,"4":0,"5":0,"6":0,"7":15,"8":100,"9":100,"10":0,"11":0,"12":0,"13":14,"14":0,"15":0,"16":0,"17":16,"18":14,"19":14,"20":1,"21":2,"22":2,"23":15,"24":1,"25":1,"26":1,"27":7,"28":7,"29":7,"30":7,"31":2,"32":3,"33":2,"34":1,"35":1,"36":1,"37":1,"38":1,"39":0,"40":0,"41":3,"42":0,"43":2,"44":1,"45":2,"46":1,"47":1,"48":0,"49":0,"50":0,"51":0,"52":1,"53":0,"54":0,"55":1,"56":0,"57":0},"b":{"0":[14,0],"1":[0,0],"2":[100,0],"3":[0,0],"4":[0,0],"5":[0,0],"6":[0,0],"7":[0,0],"8":[16,0],"9":[3,13],"10":[0,0],"11":[14,0],"12":[0,14],"13":[14,0],"14":[0,14],"15":[0,14],"16":[0,14],"17":[0,0],"18":[0,2],"19":[1,14],"20":[0,1],"21":[0,1],"22":[0,1],"23":[0,1],"24":[0,1],"25":[1,0],"26":[7,0],"27":[0,7],"28":[2,5],"29":[7,0],"30":[7,0],"31":[1,6],"32":[0,6],"33":[0,6],"34":[7,0],"35":[5,2],"36":[2,0],"37":[3,0],"38":[0,3],"39":[2,0],"40":[1,0],"41":[1,0],"42":[0,1],"43":[0,1],"44":[1,0],"45":[1,0],"46":[1,0],"47":[1,0],"48":[0,0],"49":[0,0],"50":[3,0],"51":[2,1],"52":[2,0],"53":[0,2],"54":[0,2],"55":[0,2],"56":[1,0],"57":[0,1],"58":[0,1],"59":[2,0],"60":[2,0],"61":[0,0],"62":[0,0],"63":[1,0],"64":[0,1],"65":[0,1],"66":[1,1],"67":[0,0],"68":[0,0],"69":[0,0],"70":[0,0],"71":[0,0],"72":[0,0],"73":[1,0],"74":[0,1],"75":[0,0],"76":[0,0],"77":[0,0],"78":[0,0],"79":[0,0],"80":[0,0],"81":[0,0],"82":[0,0],"83":[0,0],"84":[0,0],"85":[0,0],"86":[0,0],"87":[0,0],"88":[0,0],"89":[0,0],"90":[0,0],"91":[0,0]},"_coverageSchema":"1a1c01bbd47fc00a2c39e90264f33305004495a9","hash":"7fe1f4b65c3fc1f0e71defffd458cf182c4f52d2"}
,"C:\\Users\\rames\\webdevelopment\\online_voting\\models\\admin.js": {"path":"C:\\Users\\rames\\webdevelopment\\online_voting\\models\\admin.js","statementMap":{"0":{"start":{"line":2,"column":18},"end":{"line":2,"column":38}},"1":{"start":{"line":3,"column":0},"end":{"line":57,"column":2}},"2":{"start":{"line":6,"column":6},"end":{"line":15,"column":8}},"3":{"start":{"line":18,"column":6},"end":{"line":22,"column":9}},"4":{"start":{"line":31,"column":6},"end":{"line":33,"column":9}},"5":{"start":{"line":36,"column":2},"end":{"line":55,"column":4}},"6":{"start":{"line":56,"column":2},"end":{"line":56,"column":15}}},"fnMap":{"0":{"name":"(anonymous_0)","decl":{"start":{"line":3,"column":17},"end":{"line":3,"column":18}},"loc":{"start":{"line":3,"column":43},"end":{"line":57,"column":1}},"line":3},"1":{"name":"(anonymous_1)","decl":{"start":{"line":5,"column":4},"end":{"line":5,"column":5}},"loc":{"start":{"line":5,"column":43},"end":{"line":16,"column":5}},"line":5},"2":{"name":"(anonymous_2)","decl":{"start":{"line":17,"column":4},"end":{"line":17,"column":5}},"loc":{"start":{"line":17,"column":28},"end":{"line":23,"column":5}},"line":17},"3":{"name":"(anonymous_3)","decl":{"start":{"line":29,"column":4},"end":{"line":29,"column":5}},"loc":{"start":{"line":29,"column":29},"end":{"line":34,"column":5}},"line":29}},"branchMap":{},"s":{"0":1,"1":1,"2":0,"3":0,"4":1,"5":1,"6":1},"f":{"0":1,"1":0,"2":0,"3":1},"b":{},"_coverageSchema":"1a1c01bbd47fc00a2c39e90264f33305004495a9","hash":"63605ba3cc93e829bd37da67c981f433759f7e76"}
,"C:\\Users\\rames\\webdevelopment\\online_voting\\models\\answers.js": {"path":"C:\\Users\\rames\\webdevelopment\\online_voting\\models\\answers.js","statementMap":{"0":{"start":{"line":2,"column":18},"end":{"line":2,"column":38}},"1":{"start":{"line":3,"column":0},"end":{"line":66,"column":2}},"2":{"start":{"line":6,"column":6},"end":{"line":11,"column":9}},"3":{"start":{"line":15,"column":6},"end":{"line":19,"column":9}},"4":{"start":{"line":23,"column":6},"end":{"line":29,"column":9}},"5":{"start":{"line":38,"column":6},"end":{"line":40,"column":9}},"6":{"start":{"line":42,"column":6},"end":{"line":44,"column":9}},"7":{"start":{"line":46,"column":6},"end":{"line":49,"column":9}},"8":{"start":{"line":50,"column":6},"end":{"line":53,"column":9}},"9":{"start":{"line":58,"column":2},"end":{"line":64,"column":4}},"10":{"start":{"line":65,"column":2},"end":{"line":65,"column":17}}},"fnMap":{"0":{"name":"(anonymous_0)","decl":{"start":{"line":3,"column":17},"end":{"line":3,"column":18}},"loc":{"start":{"line":3,"column":43},"end":{"line":66,"column":1}},"line":3},"1":{"name":"(anonymous_1)","decl":{"start":{"line":5,"column":4},"end":{"line":5,"column":5}},"loc":{"start":{"line":5,"column":75},"end":{"line":12,"column":5}},"line":5},"2":{"name":"(anonymous_2)","decl":{"start":{"line":14,"column":4},"end":{"line":14,"column":5}},"loc":{"start":{"line":14,"column":38},"end":{"line":20,"column":5}},"line":14},"3":{"name":"(anonymous_3)","decl":{"start":{"line":22,"column":4},"end":{"line":22,"column":5}},"loc":{"start":{"line":22,"column":70},"end":{"line":30,"column":5}},"line":22},"4":{"name":"(anonymous_4)","decl":{"start":{"line":37,"column":4},"end":{"line":37,"column":5}},"loc":{"start":{"line":37,"column":29},"end":{"line":56,"column":5}},"line":37}},"branchMap":{},"s":{"0":1,"1":1,"2":0,"3":2,"4":0,"5":1,"6":1,"7":1,"8":1,"9":1,"10":1},"f":{"0":1,"1":0,"2":2,"3":0,"4":1},"b":{},"_coverageSchema":"1a1c01bbd47fc00a2c39e90264f33305004495a9","hash":"6b64e94b6263831cadabc9b5ebae17b86ca8f992"}
,"C:\\Users\\rames\\webdevelopment\\online_voting\\models\\election.js": {"path":"C:\\Users\\rames\\webdevelopment\\online_voting\\models\\election.js","statementMap":{"0":{"start":{"line":2,"column":18},"end":{"line":2,"column":38}},"1":{"start":{"line":3,"column":0},"end":{"line":159,"column":2}},"2":{"start":{"line":11,"column":6},"end":{"line":15,"column":9}},"3":{"start":{"line":19,"column":6},"end":{"line":29,"column":8}},"4":{"start":{"line":33,"column":6},"end":{"line":37,"column":9}},"5":{"start":{"line":41,"column":6},"end":{"line":45,"column":9}},"6":{"start":{"line":48,"column":6},"end":{"line":53,"column":9}},"7":{"start":{"line":56,"column":6},"end":{"line":61,"column":9}},"8":{"start":{"line":64,"column":6},"end":{"line":69,"column":9}},"9":{"start":{"line":73,"column":6},"end":{"line":78,"column":9}},"10":{"start":{"line":81,"column":6},"end":{"line":86,"column":9}},"11":{"start":{"line":90,"column":6},"end":{"line":100,"column":8}},"12":{"start":{"line":103,"column":6},"end":{"line":113,"column":8}},"13":{"start":{"line":118,"column":6},"end":{"line":121,"column":9}},"14":{"start":{"line":122,"column":6},"end":{"line":125,"column":9}},"15":{"start":{"line":126,"column":6},"end":{"line":129,"column":9}},"16":{"start":{"line":132,"column":2},"end":{"line":157,"column":4}},"17":{"start":{"line":158,"column":2},"end":{"line":158,"column":18}}},"fnMap":{"0":{"name":"(anonymous_0)","decl":{"start":{"line":3,"column":17},"end":{"line":3,"column":18}},"loc":{"start":{"line":3,"column":43},"end":{"line":159,"column":1}},"line":3},"1":{"name":"(anonymous_1)","decl":{"start":{"line":10,"column":4},"end":{"line":10,"column":5}},"loc":{"start":{"line":10,"column":62},"end":{"line":16,"column":5}},"line":10},"2":{"name":"(anonymous_2)","decl":{"start":{"line":18,"column":4},"end":{"line":18,"column":5}},"loc":{"start":{"line":18,"column":67},"end":{"line":30,"column":5}},"line":18},"3":{"name":"(anonymous_3)","decl":{"start":{"line":32,"column":4},"end":{"line":32,"column":5}},"loc":{"start":{"line":32,"column":35},"end":{"line":38,"column":5}},"line":32},"4":{"name":"(anonymous_4)","decl":{"start":{"line":40,"column":4},"end":{"line":40,"column":5}},"loc":{"start":{"line":40,"column":30},"end":{"line":46,"column":5}},"line":40},"5":{"name":"(anonymous_5)","decl":{"start":{"line":47,"column":4},"end":{"line":47,"column":5}},"loc":{"start":{"line":47,"column":37},"end":{"line":54,"column":5}},"line":47},"6":{"name":"(anonymous_6)","decl":{"start":{"line":55,"column":4},"end":{"line":55,"column":5}},"loc":{"start":{"line":55,"column":32},"end":{"line":62,"column":5}},"line":55},"7":{"name":"(anonymous_7)","decl":{"start":{"line":63,"column":4},"end":{"line":63,"column":5}},"loc":{"start":{"line":63,"column":33},"end":{"line":70,"column":5}},"line":63},"8":{"name":"(anonymous_8)","decl":{"start":{"line":72,"column":4},"end":{"line":72,"column":5}},"loc":{"start":{"line":72,"column":49},"end":{"line":79,"column":5}},"line":72},"9":{"name":"(anonymous_9)","decl":{"start":{"line":80,"column":4},"end":{"line":80,"column":5}},"loc":{"start":{"line":80,"column":48},"end":{"line":87,"column":5}},"line":80},"10":{"name":"(anonymous_10)","decl":{"start":{"line":89,"column":4},"end":{"line":89,"column":5}},"loc":{"start":{"line":89,"column":22},"end":{"line":101,"column":5}},"line":89},"11":{"name":"(anonymous_11)","decl":{"start":{"line":102,"column":4},"end":{"line":102,"column":5}},"loc":{"start":{"line":102,"column":19},"end":{"line":114,"column":5}},"line":102},"12":{"name":"(anonymous_12)","decl":{"start":{"line":116,"column":4},"end":{"line":116,"column":5}},"loc":{"start":{"line":116,"column":29},"end":{"line":130,"column":5}},"line":116}},"branchMap":{},"s":{"0":1,"1":1,"2":14,"3":0,"4":0,"5":0,"6":2,"7":0,"8":25,"9":0,"10":1,"11":0,"12":1,"13":1,"14":1,"15":1,"16":1,"17":1},"f":{"0":1,"1":14,"2":0,"3":0,"4":0,"5":2,"6":0,"7":25,"8":0,"9":1,"10":0,"11":1,"12":1},"b":{},"_coverageSchema":"1a1c01bbd47fc00a2c39e90264f33305004495a9","hash":"e59ce245bd9e191b438348fca4a5e09deef6c8ac"}
,"C:\\Users\\rames\\webdevelopment\\online_voting\\models\\index.js": {"path":"C:\\Users\\rames\\webdevelopment\\online_voting\\models\\index.js","statementMap":{"0":{"start":{"line":3,"column":11},"end":{"line":3,"column":24}},"1":{"start":{"line":4,"column":13},"end":{"line":4,"column":28}},"2":{"start":{"line":5,"column":18},"end":{"line":5,"column":38}},"3":{"start":{"line":6,"column":16},"end":{"line":6,"column":34}},"4":{"start":{"line":7,"column":17},"end":{"line":7,"column":42}},"5":{"start":{"line":8,"column":12},"end":{"line":8,"column":49}},"6":{"start":{"line":9,"column":15},"end":{"line":9,"column":65}},"7":{"start":{"line":10,"column":11},"end":{"line":10,"column":13}},"8":{"start":{"line":13,"column":0},"end":{"line":22,"column":1}},"9":{"start":{"line":14,"column":2},"end":{"line":14,"column":74}},"10":{"start":{"line":16,"column":2},"end":{"line":21,"column":4}},"11":{"start":{"line":24,"column":0},"end":{"line":36,"column":5}},"12":{"start":{"line":26,"column":4},"end":{"line":28,"column":6}},"13":{"start":{"line":31,"column":18},"end":{"line":34,"column":5}},"14":{"start":{"line":35,"column":4},"end":{"line":35,"column":27}},"15":{"start":{"line":38,"column":0},"end":{"line":42,"column":3}},"16":{"start":{"line":39,"column":2},"end":{"line":41,"column":3}},"17":{"start":{"line":40,"column":4},"end":{"line":40,"column":32}},"18":{"start":{"line":44,"column":0},"end":{"line":44,"column":25}},"19":{"start":{"line":45,"column":0},"end":{"line":45,"column":25}},"20":{"start":{"line":47,"column":0},"end":{"line":47,"column":20}}},"fnMap":{"0":{"name":"(anonymous_0)","decl":{"start":{"line":25,"column":10},"end":{"line":25,"column":11}},"loc":{"start":{"line":25,"column":20},"end":{"line":29,"column":3}},"line":25},"1":{"name":"(anonymous_1)","decl":{"start":{"line":30,"column":11},"end":{"line":30,"column":12}},"loc":{"start":{"line":30,"column":21},"end":{"line":36,"column":3}},"line":30},"2":{"name":"(anonymous_2)","decl":{"start":{"line":38,"column":24},"end":{"line":38,"column":25}},"loc":{"start":{"line":38,"column":39},"end":{"line":42,"column":1}},"line":38}},"branchMap":{"0":{"loc":{"start":{"line":8,"column":12},"end":{"line":8,"column":49}},"type":"binary-expr","locations":[{"start":{"line":8,"column":12},"end":{"line":8,"column":32}},{"start":{"line":8,"column":36},"end":{"line":8,"column":49}}],"line":8},"1":{"loc":{"start":{"line":13,"column":0},"end":{"line":22,"column":1}},"type":"if","locations":[{"start":{"line":13,"column":0},"end":{"line":22,"column":1}},{"start":{"line":15,"column":7},"end":{"line":22,"column":1}}],"line":13},"2":{"loc":{"start":{"line":27,"column":6},"end":{"line":27,"column":78}},"type":"binary-expr","locations":[{"start":{"line":27,"column":6},"end":{"line":27,"column":29}},{"start":{"line":27,"column":33},"end":{"line":27,"column":50}},{"start":{"line":27,"column":54},"end":{"line":27,"column":78}}],"line":27},"3":{"loc":{"start":{"line":39,"column":2},"end":{"line":41,"column":3}},"type":"if","locations":[{"start":{"line":39,"column":2},"end":{"line":41,"column":3}},{"start":{},"end":{}}],"line":39}},"s":{"0":1,"1":1,"2":1,"3":1,"4":1,"5":1,"6":1,"7":1,"8":1,"9":0,"10":1,"11":1,"12":7,"13":6,"14":6,"15":1,"16":6,"17":6,"18":1,"19":1,"20":1},"f":{"0":7,"1":6,"2":6},"b":{"0":[1,0],"1":[0,1],"2":[7,7,6],"3":[6,0]},"_coverageSchema":"1a1c01bbd47fc00a2c39e90264f33305004495a9","hash":"d34e67f20b48000b0a1293a25740483d1dc6c373"}
,"C:\\Users\\rames\\webdevelopment\\online_voting\\models\\options.js": {"path":"C:\\Users\\rames\\webdevelopment\\online_voting\\models\\options.js","statementMap":{"0":{"start":{"line":2,"column":22},"end":{"line":2,"column":42}},"1":{"start":{"line":3,"column":0},"end":{"line":85,"column":2}},"2":{"start":{"line":11,"column":6},"end":{"line":16,"column":9}},"3":{"start":{"line":19,"column":6},"end":{"line":23,"column":9}},"4":{"start":{"line":26,"column":6},"end":{"line":35,"column":8}},"5":{"start":{"line":38,"column":6},"end":{"line":42,"column":9}},"6":{"start":{"line":45,"column":6},"end":{"line":48,"column":9}},"7":{"start":{"line":52,"column":6},"end":{"line":54,"column":9}},"8":{"start":{"line":58,"column":6},"end":{"line":60,"column":9}},"9":{"start":{"line":62,"column":6},"end":{"line":64,"column":9}},"10":{"start":{"line":68,"column":2},"end":{"line":83,"column":4}},"11":{"start":{"line":84,"column":2},"end":{"line":84,"column":17}}},"fnMap":{"0":{"name":"(anonymous_0)","decl":{"start":{"line":3,"column":17},"end":{"line":3,"column":18}},"loc":{"start":{"line":3,"column":43},"end":{"line":85,"column":1}},"line":3},"1":{"name":"(anonymous_1)","decl":{"start":{"line":10,"column":4},"end":{"line":10,"column":5}},"loc":{"start":{"line":10,"column":39},"end":{"line":17,"column":5}},"line":10},"2":{"name":"(anonymous_2)","decl":{"start":{"line":18,"column":4},"end":{"line":18,"column":5}},"loc":{"start":{"line":18,"column":29},"end":{"line":24,"column":5}},"line":18},"3":{"name":"(anonymous_3)","decl":{"start":{"line":25,"column":4},"end":{"line":25,"column":5}},"loc":{"start":{"line":25,"column":40},"end":{"line":36,"column":5}},"line":25},"4":{"name":"(anonymous_4)","decl":{"start":{"line":37,"column":4},"end":{"line":37,"column":5}},"loc":{"start":{"line":37,"column":29},"end":{"line":43,"column":5}},"line":37},"5":{"name":"(anonymous_5)","decl":{"start":{"line":44,"column":4},"end":{"line":44,"column":5}},"loc":{"start":{"line":44,"column":49},"end":{"line":49,"column":5}},"line":44},"6":{"name":"(anonymous_6)","decl":{"start":{"line":51,"column":4},"end":{"line":51,"column":5}},"loc":{"start":{"line":51,"column":38},"end":{"line":55,"column":5}},"line":51},"7":{"name":"(anonymous_7)","decl":{"start":{"line":57,"column":4},"end":{"line":57,"column":5}},"loc":{"start":{"line":57,"column":29},"end":{"line":65,"column":5}},"line":57}},"branchMap":{},"s":{"0":1,"1":1,"2":7,"3":0,"4":1,"5":2,"6":3,"7":0,"8":1,"9":1,"10":1,"11":1},"f":{"0":1,"1":7,"2":0,"3":1,"4":2,"5":3,"6":0,"7":1},"b":{},"_coverageSchema":"1a1c01bbd47fc00a2c39e90264f33305004495a9","hash":"3cebb1e5a9ec40ea9fece0ec8d2c6b7ec117d4a2"}
,"C:\\Users\\rames\\webdevelopment\\online_voting\\models\\questions.js": {"path":"C:\\Users\\rames\\webdevelopment\\online_voting\\models\\questions.js","statementMap":{"0":{"start":{"line":2,"column":18},"end":{"line":2,"column":38}},"1":{"start":{"line":3,"column":0},"end":{"line":106,"column":2}},"2":{"start":{"line":6,"column":6},"end":{"line":10,"column":9}},"3":{"start":{"line":14,"column":6},"end":{"line":18,"column":9}},"4":{"start":{"line":21,"column":6},"end":{"line":26,"column":9}},"5":{"start":{"line":29,"column":6},"end":{"line":33,"column":9}},"6":{"start":{"line":37,"column":6},"end":{"line":42,"column":9}},"7":{"start":{"line":46,"column":6},"end":{"line":56,"column":8}},"8":{"start":{"line":59,"column":6},"end":{"line":64,"column":9}},"9":{"start":{"line":73,"column":6},"end":{"line":75,"column":9}},"10":{"start":{"line":77,"column":6},"end":{"line":79,"column":9}},"11":{"start":{"line":81,"column":6},"end":{"line":83,"column":9}},"12":{"start":{"line":88,"column":2},"end":{"line":104,"column":4}},"13":{"start":{"line":105,"column":2},"end":{"line":105,"column":19}}},"fnMap":{"0":{"name":"(anonymous_0)","decl":{"start":{"line":3,"column":17},"end":{"line":3,"column":18}},"loc":{"start":{"line":3,"column":43},"end":{"line":106,"column":1}},"line":3},"1":{"name":"(anonymous_1)","decl":{"start":{"line":5,"column":4},"end":{"line":5,"column":5}},"loc":{"start":{"line":5,"column":38},"end":{"line":11,"column":5}},"line":5},"2":{"name":"(anonymous_2)","decl":{"start":{"line":13,"column":4},"end":{"line":13,"column":5}},"loc":{"start":{"line":13,"column":66},"end":{"line":19,"column":5}},"line":13},"3":{"name":"(anonymous_3)","decl":{"start":{"line":20,"column":4},"end":{"line":20,"column":5}},"loc":{"start":{"line":20,"column":32},"end":{"line":27,"column":5}},"line":20},"4":{"name":"(anonymous_4)","decl":{"start":{"line":28,"column":4},"end":{"line":28,"column":5}},"loc":{"start":{"line":28,"column":30},"end":{"line":34,"column":5}},"line":28},"5":{"name":"(anonymous_5)","decl":{"start":{"line":36,"column":4},"end":{"line":36,"column":5}},"loc":{"start":{"line":36,"column":50},"end":{"line":43,"column":5}},"line":36},"6":{"name":"(anonymous_6)","decl":{"start":{"line":45,"column":4},"end":{"line":45,"column":5}},"loc":{"start":{"line":45,"column":65},"end":{"line":57,"column":5}},"line":45},"7":{"name":"(anonymous_7)","decl":{"start":{"line":58,"column":4},"end":{"line":58,"column":5}},"loc":{"start":{"line":58,"column":41},"end":{"line":65,"column":5}},"line":58},"8":{"name":"(anonymous_8)","decl":{"start":{"line":72,"column":4},"end":{"line":72,"column":5}},"loc":{"start":{"line":72,"column":29},"end":{"line":84,"column":5}},"line":72}},"branchMap":{},"s":{"0":1,"1":1,"2":1,"3":6,"4":8,"5":2,"6":7,"7":1,"8":10,"9":1,"10":1,"11":1,"12":1,"13":1},"f":{"0":1,"1":1,"2":6,"3":8,"4":2,"5":7,"6":1,"7":10,"8":1},"b":{},"_coverageSchema":"1a1c01bbd47fc00a2c39e90264f33305004495a9","hash":"ca235282b53dc7985c9aee228623b24b322e690a"}
,"C:\\Users\\rames\\webdevelopment\\online_voting\\models\\voters.js": {"path":"C:\\Users\\rames\\webdevelopment\\online_voting\\models\\voters.js","statementMap":{"0":{"start":{"line":2,"column":18},"end":{"line":2,"column":38}},"1":{"start":{"line":3,"column":0},"end":{"line":130,"column":2}},"2":{"start":{"line":11,"column":6},"end":{"line":14,"column":9}},"3":{"start":{"line":15,"column":6},"end":{"line":18,"column":9}},"4":{"start":{"line":21,"column":6},"end":{"line":26,"column":9}},"5":{"start":{"line":30,"column":6},"end":{"line":39,"column":8}},"6":{"start":{"line":43,"column":6},"end":{"line":47,"column":9}},"7":{"start":{"line":50,"column":6},"end":{"line":54,"column":9}},"8":{"start":{"line":57,"column":6},"end":{"line":62,"column":9}},"9":{"start":{"line":66,"column":6},"end":{"line":71,"column":9}},"10":{"start":{"line":74,"column":6},"end":{"line":78,"column":9}},"11":{"start":{"line":82,"column":6},"end":{"line":86,"column":9}},"12":{"start":{"line":90,"column":6},"end":{"line":99,"column":8}},"13":{"start":{"line":102,"column":2},"end":{"line":128,"column":4}},"14":{"start":{"line":129,"column":2},"end":{"line":129,"column":16}}},"fnMap":{"0":{"name":"(anonymous_0)","decl":{"start":{"line":3,"column":17},"end":{"line":3,"column":18}},"loc":{"start":{"line":3,"column":43},"end":{"line":130,"column":1}},"line":3},"1":{"name":"(anonymous_1)","decl":{"start":{"line":10,"column":4},"end":{"line":10,"column":5}},"loc":{"start":{"line":10,"column":29},"end":{"line":19,"column":5}},"line":10},"2":{"name":"(anonymous_2)","decl":{"start":{"line":20,"column":4},"end":{"line":20,"column":5}},"loc":{"start":{"line":20,"column":46},"end":{"line":27,"column":5}},"line":20},"3":{"name":"(anonymous_3)","decl":{"start":{"line":29,"column":4},"end":{"line":29,"column":5}},"loc":{"start":{"line":29,"column":48},"end":{"line":40,"column":5}},"line":29},"4":{"name":"(anonymous_4)","decl":{"start":{"line":42,"column":4},"end":{"line":42,"column":5}},"loc":{"start":{"line":42,"column":37},"end":{"line":48,"column":5}},"line":42},"5":{"name":"(anonymous_5)","decl":{"start":{"line":49,"column":4},"end":{"line":49,"column":5}},"loc":{"start":{"line":49,"column":35},"end":{"line":55,"column":5}},"line":49},"6":{"name":"(anonymous_6)","decl":{"start":{"line":56,"column":4},"end":{"line":56,"column":5}},"loc":{"start":{"line":56,"column":35},"end":{"line":63,"column":5}},"line":56},"7":{"name":"(anonymous_7)","decl":{"start":{"line":65,"column":4},"end":{"line":65,"column":5}},"loc":{"start":{"line":65,"column":38},"end":{"line":72,"column":5}},"line":65},"8":{"name":"(anonymous_8)","decl":{"start":{"line":73,"column":4},"end":{"line":73,"column":5}},"loc":{"start":{"line":73,"column":25},"end":{"line":79,"column":5}},"line":73},"9":{"name":"(anonymous_9)","decl":{"start":{"line":81,"column":4},"end":{"line":81,"column":5}},"loc":{"start":{"line":81,"column":27},"end":{"line":87,"column":5}},"line":81},"10":{"name":"(anonymous_10)","decl":{"start":{"line":89,"column":4},"end":{"line":89,"column":5}},"loc":{"start":{"line":89,"column":29},"end":{"line":100,"column":5}},"line":89}},"branchMap":{},"s":{"0":1,"1":1,"2":1,"3":1,"4":2,"5":0,"6":5,"7":1,"8":1,"9":1,"10":1,"11":1,"12":0,"13":1,"14":1},"f":{"0":1,"1":1,"2":2,"3":0,"4":5,"5":1,"6":1,"7":1,"8":1,"9":1,"10":0},"b":{},"_coverageSchema":"1a1c01bbd47fc00a2c39e90264f33305004495a9","hash":"cf623664835cb7e4bb3a8ada59aa287904f57897"}
}
