TN:
SF:app.js
FN:43,(anonymous_0)
FN:57,(anonymous_1)
FN:59,(anonymous_2)
FN:67,(anonymous_3)
FN:80,(anonymous_4)
FN:84,(anonymous_5)
FN:92,(anonymous_6)
FN:102,(anonymous_7)
FN:105,(anonymous_8)
FN:108,(anonymous_9)
FN:111,(anonymous_10)
FN:116,(anonymous_11)
FN:119,(anonymous_12)
FN:131,(anonymous_13)
FN:136,(anonymous_14)
FN:141,(anonymous_15)
FN:158,(anonymous_16)
FN:169,(anonymous_17)
FN:200,(anonymous_18)
FN:216,(anonymous_19)
FN:249,(anonymous_20)
FN:260,(anonymous_21)
FN:261,(anonymous_22)
FN:270,(anonymous_23)
FN:280,(anonymous_24)
FN:305,(anonymous_25)
FN:324,(anonymous_26)
FN:360,(anonymous_27)
FN:395,(anonymous_28)
FN:408,(anonymous_29)
FN:448,(anonymous_30)
FN:479,(anonymous_31)
FN:495,(anonymous_32)
FN:522,(anonymous_33)
FN:537,(anonymous_34)
FN:555,(anonymous_35)
FN:593,(anonymous_36)
FN:613,(anonymous_37)
FN:634,(anonymous_38)
FN:659,(anonymous_39)
FN:686,(anonymous_40)
FN:716,(anonymous_41)
FN:737,(anonymous_42)
FN:745,(anonymous_43)
FN:779,(anonymous_44)
FN:812,(anonymous_45)
FN:859,(anonymous_46)
FN:884,(anonymous_47)
FN:933,(anonymous_48)
FN:937,(anonymous_49)
FN:983,(anonymous_50)
FN:987,(anonymous_51)
FN:1015,(anonymous_52)
FN:1034,(anonymous_53)
FN:1048,(anonymous_54)
FN:1093,(anonymous_55)
FN:1146,(anonymous_56)
FN:1177,(anonymous_57)
FNF:58
FNH:37
FNDA:133,(anonymous_0)
FNDA:14,(anonymous_1)
FNDA:14,(anonymous_2)
FNDA:0,(anonymous_3)
FNDA:0,(anonymous_4)
FNDA:0,(anonymous_5)
FNDA:0,(anonymous_6)
FNDA:15,(anonymous_7)
FNDA:100,(anonymous_8)
FNDA:100,(anonymous_9)
FNDA:0,(anonymous_10)
FNDA:0,(anonymous_11)
FNDA:0,(anonymous_12)
FNDA:14,(anonymous_13)
FNDA:0,(anonymous_14)
FNDA:0,(anonymous_15)
FNDA:0,(anonymous_16)
FNDA:16,(anonymous_17)
FNDA:14,(anonymous_18)
FNDA:14,(anonymous_19)
FNDA:1,(anonymous_20)
FNDA:2,(anonymous_21)
FNDA:2,(anonymous_22)
FNDA:15,(anonymous_23)
FNDA:1,(anonymous_24)
FNDA:1,(anonymous_25)
FNDA:1,(anonymous_26)
FNDA:7,(anonymous_27)
FNDA:7,(anonymous_28)
FNDA:7,(anonymous_29)
FNDA:7,(anonymous_30)
FNDA:2,(anonymous_31)
FNDA:3,(anonymous_32)
FNDA:2,(anonymous_33)
FNDA:1,(anonymous_34)
FNDA:1,(anonymous_35)
FNDA:1,(anonymous_36)
FNDA:1,(anonymous_37)
FNDA:1,(anonymous_38)
FNDA:0,(anonymous_39)
FNDA:0,(anonymous_40)
FNDA:3,(anonymous_41)
FNDA:0,(anonymous_42)
FNDA:2,(anonymous_43)
FNDA:1,(anonymous_44)
FNDA:2,(anonymous_45)
FNDA:1,(anonymous_46)
FNDA:1,(anonymous_47)
FNDA:0,(anonymous_48)
FNDA:0,(anonymous_49)
FNDA:0,(anonymous_50)
FNDA:0,(anonymous_51)
FNDA:1,(anonymous_52)
FNDA:0,(anonymous_53)
FNDA:0,(anonymous_54)
FNDA:1,(anonymous_55)
FNDA:0,(anonymous_56)
FNDA:0,(anonymous_57)
DA:1,1
DA:2,1
DA:3,1
DA:4,1
DA:5,1
DA:13,1
DA:14,1
DA:15,1
DA:16,1
DA:17,1
DA:18,1
DA:19,1
DA:20,1
DA:22,1
DA:23,1
DA:24,1
DA:25,1
DA:26,1
DA:27,1
DA:28,1
DA:29,1
DA:30,1
DA:31,1
DA:32,1
DA:33,1
DA:35,1
DA:43,1
DA:44,133
DA:45,133
DA:47,1
DA:48,1
DA:50,1
DA:58,14
DA:60,14
DA:61,14
DA:62,14
DA:64,0
DA:68,0
DA:73,1
DA:81,0
DA:85,0
DA:86,0
DA:87,0
DA:89,0
DA:93,0
DA:100,1
DA:101,1
DA:102,1
DA:103,15
DA:105,1
DA:106,100
DA:107,100
DA:109,100
DA:112,0
DA:114,0
DA:115,0
DA:117,0
DA:120,0
DA:125,1
DA:132,14
DA:136,1
DA:137,0
DA:138,0
DA:139,0
DA:140,0
DA:141,0
DA:142,0
DA:143,0
DA:145,0
DA:149,0
DA:155,1
DA:159,0
DA:166,1
DA:170,16
DA:171,16
DA:172,16
DA:173,16
DA:174,16
DA:175,16
DA:176,3
DA:184,13
DA:189,0
DA:190,0
DA:192,0
DA:193,0
DA:197,1
DA:201,14
DA:202,14
DA:207,14
DA:208,0
DA:213,1
DA:217,14
DA:218,14
DA:219,0
DA:220,0
DA:222,14
DA:223,0
DA:224,0
DA:226,14
DA:227,0
DA:228,0
DA:231,14
DA:232,14
DA:237,10
DA:239,4
DA:240,4
DA:241,4
DA:243,0
DA:244,0
DA:249,1
DA:250,1
DA:251,1
DA:256,0
DA:260,1
DA:261,2
DA:262,2
DA:263,0
DA:265,2
DA:266,2
DA:270,1
DA:271,15
DA:272,1
DA:274,14
DA:280,1
DA:281,1
DA:282,0
DA:283,0
DA:285,1
DA:286,0
DA:287,0
DA:289,1
DA:290,0
DA:291,0
DA:293,1
DA:294,0
DA:295,0
DA:297,1
DA:298,1
DA:299,1
DA:305,1
DA:306,1
DA:307,0
DA:308,0
DA:310,1
DA:311,1
DA:315,0
DA:316,0
DA:317,0
DA:321,1
DA:325,1
DA:326,1
DA:327,1
DA:328,1
DA:329,1
DA:332,1
DA:336,1
DA:339,1
DA:340,1
DA:351,0
DA:352,0
DA:357,1
DA:361,7
DA:363,7
DA:367,7
DA:368,7
DA:369,7
DA:370,0
DA:374,0
DA:376,7
DA:377,2
DA:385,5
DA:392,1
DA:396,7
DA:397,7
DA:405,1
DA:409,7
DA:410,7
DA:411,1
DA:412,1
DA:414,6
DA:415,0
DA:416,0
DA:419,6
DA:423,6
DA:424,0
DA:425,0
DA:428,6
DA:429,6
DA:434,6
DA:438,0
DA:439,0
DA:445,1
DA:449,7
DA:450,7
DA:451,7
DA:454,7
DA:455,7
DA:456,5
DA:465,2
DA:470,0
DA:476,1
DA:480,2
DA:481,2
DA:482,2
DA:483,2
DA:485,0
DA:486,0
DA:492,1
DA:496,3
DA:497,3
DA:498,0
DA:499,0
DA:503,3
DA:504,3
DA:508,3
DA:512,0
DA:513,0
DA:519,1
DA:523,2
DA:524,2
DA:525,2
DA:526,2
DA:528,0
DA:529,0
DA:534,1
DA:538,1
DA:539,1
DA:540,1
DA:541,1
DA:542,1
DA:543,1
DA:552,1
DA:556,1
DA:557,1
DA:558,0
DA:562,0
DA:566,1
DA:570,1
DA:571,0
DA:572,0
DA:576,1
DA:577,1
DA:582,1
DA:584,0
DA:585,0
DA:590,1
DA:594,1
DA:595,1
DA:596,1
DA:597,1
DA:598,1
DA:599,1
DA:600,1
DA:610,1
DA:614,1
DA:615,1
DA:616,1
DA:620,1
DA:624,0
DA:625,0
DA:631,1
DA:635,1
DA:637,1
DA:641,1
DA:642,1
DA:643,1
DA:644,1
DA:652,0
DA:659,1
DA:660,0
DA:661,0
DA:666,0
DA:669,0
DA:670,0
DA:671,0
DA:680,0
DA:681,0
DA:686,1
DA:687,0
DA:688,0
DA:689,0
DA:693,0
DA:694,0
DA:697,0
DA:698,0
DA:707,0
DA:708,0
DA:713,1
DA:717,3
DA:718,3
DA:719,3
DA:720,2
DA:725,1
DA:731,1
DA:738,0
DA:742,1
DA:746,2
DA:747,2
DA:748,0
DA:749,0
DA:751,2
DA:752,0
DA:753,0
DA:755,2
DA:756,0
DA:757,0
DA:759,2
DA:760,2
DA:761,2
DA:762,2
DA:764,0
DA:765,0
DA:769,0
DA:770,0
DA:776,1
DA:780,1
DA:781,1
DA:782,1
DA:783,1
DA:787,1
DA:788,0
DA:789,0
DA:791,1
DA:792,1
DA:793,1
DA:794,0
DA:798,0
DA:800,1
DA:801,1
DA:803,0
DA:804,0
DA:809,1
DA:813,2
DA:814,2
DA:817,2
DA:818,2
DA:822,2
DA:825,0
DA:826,0
DA:827,0
DA:828,0
DA:832,0
DA:836,0
DA:837,0
DA:838,0
DA:842,0
DA:845,0
DA:846,0
DA:847,0
DA:849,0
DA:850,0
DA:856,1
DA:860,1
DA:861,1
DA:862,1
DA:863,1
DA:865,1
DA:866,0
DA:867,0
DA:869,1
DA:870,0
DA:871,0
DA:874,1
DA:884,1
DA:885,1
DA:886,1
DA:887,1
DA:888,1
DA:889,1
DA:890,1
DA:891,1
DA:892,1
DA:893,0
DA:896,1
DA:897,0
DA:898,0
DA:899,0
DA:900,0
DA:901,0
DA:902,0
DA:907,0
DA:908,0
DA:910,0
DA:912,1
DA:913,0
DA:922,1
DA:928,0
DA:929,0
DA:933,1
DA:934,0
DA:937,1
DA:938,0
DA:939,0
DA:940,0
DA:942,0
DA:944,0
DA:945,0
DA:948,0
DA:949,0
DA:950,0
DA:951,0
DA:952,0
DA:953,0
DA:954,0
DA:955,0
DA:956,0
DA:958,0
DA:968,0
DA:970,0
DA:971,0
DA:975,0
DA:978,0
DA:979,0
DA:983,1
DA:984,0
DA:987,1
DA:988,0
DA:989,0
DA:990,0
DA:991,0
DA:992,0
DA:993,0
DA:994,0
DA:995,0
DA:996,0
DA:997,0
DA:1004,0
DA:1005,0
DA:1007,0
DA:1008,0
DA:1012,1
DA:1016,1
DA:1017,1
DA:1018,1
DA:1019,0
DA:1020,0
DA:1022,1
DA:1023,1
DA:1025,0
DA:1026,0
DA:1031,1
DA:1035,0
DA:1036,0
DA:1039,0
DA:1040,0
DA:1045,1
DA:1049,0
DA:1050,0
DA:1051,0
DA:1052,0
DA:1054,0
DA:1055,0
DA:1056,0
DA:1058,0
DA:1059,0
DA:1060,0
DA:1062,0
DA:1066,0
DA:1071,0
DA:1072,0
DA:1073,0
DA:1074,0
DA:1075,0
DA:1076,0
DA:1077,0
DA:1080,0
DA:1083,0
DA:1084,0
DA:1090,1
DA:1094,1
DA:1095,1
DA:1096,1
DA:1097,1
DA:1098,1
DA:1099,1
DA:1100,1
DA:1101,1
DA:1102,0
DA:1105,1
DA:1106,0
DA:1107,0
DA:1108,0
DA:1109,0
DA:1110,0
DA:1111,0
DA:1116,0
DA:1117,0
DA:1119,0
DA:1121,1
DA:1122,1
DA:1123,1
DA:1124,1
DA:1137,0
DA:1138,0
DA:1143,1
DA:1147,0
DA:1148,0
DA:1149,0
DA:1150,0
DA:1151,0
DA:1152,0
DA:1153,0
DA:1154,0
DA:1158,0
DA:1160,0
DA:1169,0
DA:1170,0
DA:1174,1
DA:1178,0
DA:1179,0
DA:1180,0
DA:1181,0
DA:1183,0
DA:1184,0
DA:1185,0
DA:1187,0
DA:1188,0
DA:1189,0
DA:1191,0
DA:1192,0
DA:1193,0
DA:1197,0
DA:1198,0
DA:1199,0
DA:1201,0
DA:1202,0
DA:1207,0
DA:1208,0
DA:1210,0
DA:1211,0
DA:1212,0
DA:1214,0
DA:1215,0
DA:1220,1
LF:534
LH:273
BRDA:61,0,0,14
BRDA:61,0,1,0
BRDA:86,1,0,0
BRDA:86,1,1,0
BRDA:106,2,0,100
BRDA:106,2,1,0
BRDA:114,3,0,0
BRDA:114,3,1,0
BRDA:137,4,0,0
BRDA:137,4,1,0
BRDA:138,5,0,0
BRDA:138,5,1,0
BRDA:140,6,0,0
BRDA:140,6,1,0
BRDA:142,7,0,0
BRDA:142,7,1,0
BRDA:170,8,0,16
BRDA:170,8,1,0
BRDA:175,9,0,3
BRDA:175,9,1,13
BRDA:192,10,0,0
BRDA:192,10,1,0
BRDA:201,11,0,14
BRDA:201,11,1,0
BRDA:207,12,0,0
BRDA:207,12,1,14
BRDA:217,13,0,14
BRDA:217,13,1,0
BRDA:218,14,0,0
BRDA:218,14,1,14
BRDA:222,15,0,0
BRDA:222,15,1,14
BRDA:226,16,0,0
BRDA:226,16,1,14
BRDA:243,17,0,0
BRDA:243,17,1,0
BRDA:262,18,0,0
BRDA:262,18,1,2
BRDA:271,19,0,1
BRDA:271,19,1,14
BRDA:281,20,0,0
BRDA:281,20,1,1
BRDA:285,21,0,0
BRDA:285,21,1,1
BRDA:289,22,0,0
BRDA:289,22,1,1
BRDA:293,23,0,0
BRDA:293,23,1,1
BRDA:306,24,0,0
BRDA:306,24,1,1
BRDA:325,25,0,1
BRDA:325,25,1,0
BRDA:361,26,0,7
BRDA:361,26,1,0
BRDA:369,27,0,0
BRDA:369,27,1,7
BRDA:376,28,0,2
BRDA:376,28,1,5
BRDA:396,29,0,7
BRDA:396,29,1,0
BRDA:409,30,0,7
BRDA:409,30,1,0
BRDA:410,31,0,1
BRDA:410,31,1,6
BRDA:414,32,0,0
BRDA:414,32,1,6
BRDA:423,33,0,0
BRDA:423,33,1,6
BRDA:449,34,0,7
BRDA:449,34,1,0
BRDA:455,35,0,5
BRDA:455,35,1,2
BRDA:480,36,0,2
BRDA:480,36,1,0
BRDA:496,37,0,3
BRDA:496,37,1,0
BRDA:497,38,0,0
BRDA:497,38,1,3
BRDA:523,39,0,2
BRDA:523,39,1,0
BRDA:538,40,0,1
BRDA:538,40,1,0
BRDA:556,41,0,1
BRDA:556,41,1,0
BRDA:557,42,0,0
BRDA:557,42,1,1
BRDA:570,43,0,0
BRDA:570,43,1,1
BRDA:594,44,0,1
BRDA:594,44,1,0
BRDA:614,45,0,1
BRDA:614,45,1,0
BRDA:635,46,0,1
BRDA:635,46,1,0
BRDA:643,47,0,1
BRDA:643,47,1,0
BRDA:660,48,0,0
BRDA:660,48,1,0
BRDA:687,49,0,0
BRDA:687,49,1,0
BRDA:717,50,0,3
BRDA:717,50,1,0
BRDA:719,51,0,2
BRDA:719,51,1,1
BRDA:746,52,0,2
BRDA:746,52,1,0
BRDA:747,53,0,0
BRDA:747,53,1,2
BRDA:751,54,0,0
BRDA:751,54,1,2
BRDA:755,55,0,0
BRDA:755,55,1,2
BRDA:780,56,0,1
BRDA:780,56,1,0
BRDA:787,57,0,0
BRDA:787,57,1,1
BRDA:793,58,0,0
BRDA:793,58,1,1
BRDA:813,59,0,2
BRDA:813,59,1,0
BRDA:817,60,0,2
BRDA:817,60,1,0
BRDA:827,61,0,0
BRDA:827,61,1,0
BRDA:837,62,0,0
BRDA:837,62,1,0
BRDA:860,63,0,1
BRDA:860,63,1,0
BRDA:869,64,0,0
BRDA:869,64,1,1
BRDA:912,65,0,0
BRDA:912,65,1,1
BRDA:912,66,0,1
BRDA:912,66,1,1
BRDA:938,67,0,0
BRDA:938,67,1,0
BRDA:944,68,0,0
BRDA:944,68,1,0
BRDA:944,69,0,0
BRDA:944,69,1,0
BRDA:950,70,0,0
BRDA:950,70,1,0
BRDA:951,71,0,0
BRDA:951,71,1,0
BRDA:970,72,0,0
BRDA:970,72,1,0
BRDA:1016,73,0,1
BRDA:1016,73,1,0
BRDA:1018,74,0,0
BRDA:1018,74,1,1
BRDA:1035,75,0,0
BRDA:1035,75,1,0
BRDA:1039,76,0,0
BRDA:1039,76,1,0
BRDA:1049,77,0,0
BRDA:1049,77,1,0
BRDA:1050,78,0,0
BRDA:1050,78,1,0
BRDA:1054,79,0,0
BRDA:1054,79,1,0
BRDA:1058,80,0,0
BRDA:1058,80,1,0
BRDA:1071,81,0,0
BRDA:1071,81,1,0
BRDA:1074,82,0,0
BRDA:1074,82,1,0
BRDA:1147,83,0,0
BRDA:1147,83,1,0
BRDA:1152,84,0,0
BRDA:1152,84,1,0
BRDA:1169,85,0,0
BRDA:1169,85,1,0
BRDA:1178,86,0,0
BRDA:1178,86,1,0
BRDA:1179,87,0,0
BRDA:1179,87,1,0
BRDA:1183,88,0,0
BRDA:1183,88,1,0
BRDA:1187,89,0,0
BRDA:1187,89,1,0
BRDA:1197,90,0,0
BRDA:1197,90,1,0
BRDA:1214,91,0,0
BRDA:1214,91,1,0
BRF:184
BRH:64
end_of_record
TN:
SF:models\admin.js
FN:3,(anonymous_0)
FN:5,(anonymous_1)
FN:17,(anonymous_2)
FN:29,(anonymous_3)
FNF:4
FNH:2
FNDA:1,(anonymous_0)
FNDA:0,(anonymous_1)
FNDA:0,(anonymous_2)
FNDA:1,(anonymous_3)
DA:2,1
DA:3,1
DA:6,0
DA:18,0
DA:31,1
DA:36,1
DA:56,1
LF:7
LH:5
BRF:0
BRH:0
end_of_record
TN:
SF:models\answers.js
FN:3,(anonymous_0)
FN:5,(anonymous_1)
FN:14,(anonymous_2)
FN:22,(anonymous_3)
FN:37,(anonymous_4)
FNF:5
FNH:3
FNDA:1,(anonymous_0)
FNDA:0,(anonymous_1)
FNDA:2,(anonymous_2)
FNDA:0,(anonymous_3)
FNDA:1,(anonymous_4)
DA:2,1
DA:3,1
DA:6,0
DA:15,2
DA:23,0
DA:38,1
DA:42,1
DA:46,1
DA:50,1
DA:58,1
DA:65,1
LF:11
LH:9
BRF:0
BRH:0
end_of_record
TN:
SF:models\election.js
FN:3,(anonymous_0)
FN:10,(anonymous_1)
FN:18,(anonymous_2)
FN:32,(anonymous_3)
FN:40,(anonymous_4)
FN:47,(anonymous_5)
FN:55,(anonymous_6)
FN:63,(anonymous_7)
FN:72,(anonymous_8)
FN:80,(anonymous_9)
FN:89,(anonymous_10)
FN:102,(anonymous_11)
FN:116,(anonymous_12)
FNF:13
FNH:7
FNDA:1,(anonymous_0)
FNDA:14,(anonymous_1)
FNDA:0,(anonymous_2)
FNDA:0,(anonymous_3)
FNDA:0,(anonymous_4)
FNDA:2,(anonymous_5)
FNDA:0,(anonymous_6)
FNDA:25,(anonymous_7)
FNDA:0,(anonymous_8)
FNDA:1,(anonymous_9)
FNDA:0,(anonymous_10)
FNDA:1,(anonymous_11)
FNDA:1,(anonymous_12)
DA:2,1
DA:3,1
DA:11,14
DA:19,0
DA:33,0
DA:41,0
DA:48,2
DA:56,0
DA:64,25
DA:73,0
DA:81,1
DA:90,0
DA:103,1
DA:118,1
DA:122,1
DA:126,1
DA:132,1
DA:158,1
LF:18
LH:12
BRF:0
BRH:0
end_of_record
TN:
SF:models\index.js
FN:25,(anonymous_0)
FN:30,(anonymous_1)
FN:38,(anonymous_2)
FNF:3
FNH:3
FNDA:7,(anonymous_0)
FNDA:6,(anonymous_1)
FNDA:6,(anonymous_2)
DA:3,1
DA:4,1
DA:5,1
DA:6,1
DA:7,1
DA:8,1
DA:9,1
DA:10,1
DA:13,1
DA:14,0
DA:16,1
DA:24,1
DA:26,7
DA:31,6
DA:35,6
DA:38,1
DA:39,6
DA:40,6
DA:44,1
DA:45,1
DA:47,1
LF:21
LH:20
BRDA:8,0,0,1
BRDA:8,0,1,0
BRDA:13,1,0,0
BRDA:13,1,1,1
BRDA:27,2,0,7
BRDA:27,2,1,7
BRDA:27,2,2,6
BRDA:39,3,0,6
BRDA:39,3,1,0
BRF:9
BRH:6
end_of_record
TN:
SF:models\options.js
FN:3,(anonymous_0)
FN:10,(anonymous_1)
FN:18,(anonymous_2)
FN:25,(anonymous_3)
FN:37,(anonymous_4)
FN:44,(anonymous_5)
FN:51,(anonymous_6)
FN:57,(anonymous_7)
FNF:8
FNH:6
FNDA:1,(anonymous_0)
FNDA:7,(anonymous_1)
FNDA:0,(anonymous_2)
FNDA:1,(anonymous_3)
FNDA:2,(anonymous_4)
FNDA:3,(anonymous_5)
FNDA:0,(anonymous_6)
FNDA:1,(anonymous_7)
DA:2,1
DA:3,1
DA:11,7
DA:19,0
DA:26,1
DA:38,2
DA:45,3
DA:52,0
DA:58,1
DA:62,1
DA:68,1
DA:84,1
LF:12
LH:10
BRF:0
BRH:0
end_of_record
TN:
SF:models\questions.js
FN:3,(anonymous_0)
FN:5,(anonymous_1)
FN:13,(anonymous_2)
FN:20,(anonymous_3)
FN:28,(anonymous_4)
FN:36,(anonymous_5)
FN:45,(anonymous_6)
FN:58,(anonymous_7)
FN:72,(anonymous_8)
FNF:9
FNH:9
FNDA:1,(anonymous_0)
FNDA:1,(anonymous_1)
FNDA:6,(anonymous_2)
FNDA:8,(anonymous_3)
FNDA:2,(anonymous_4)
FNDA:7,(anonymous_5)
FNDA:1,(anonymous_6)
FNDA:10,(anonymous_7)
FNDA:1,(anonymous_8)
DA:2,1
DA:3,1
DA:6,1
DA:14,6
DA:21,8
DA:29,2
DA:37,7
DA:46,1
DA:59,10
DA:73,1
DA:77,1
DA:81,1
DA:88,1
DA:105,1
LF:14
LH:14
BRF:0
BRH:0
end_of_record
TN:
SF:models\voters.js
FN:3,(anonymous_0)
FN:10,(anonymous_1)
FN:20,(anonymous_2)
FN:29,(anonymous_3)
FN:42,(anonymous_4)
FN:49,(anonymous_5)
FN:56,(anonymous_6)
FN:65,(anonymous_7)
FN:73,(anonymous_8)
FN:81,(anonymous_9)
FN:89,(anonymous_10)
FNF:11
FNH:9
FNDA:1,(anonymous_0)
FNDA:1,(anonymous_1)
FNDA:2,(anonymous_2)
FNDA:0,(anonymous_3)
FNDA:5,(anonymous_4)
FNDA:1,(anonymous_5)
FNDA:1,(anonymous_6)
FNDA:1,(anonymous_7)
FNDA:1,(anonymous_8)
FNDA:1,(anonymous_9)
FNDA:0,(anonymous_10)
DA:2,1
DA:3,1
DA:11,1
DA:15,1
DA:21,2
DA:30,0
DA:43,5
DA:50,1
DA:57,1
DA:66,1
DA:74,1
DA:82,1
DA:90,0
DA:102,1
DA:129,1
LF:15
LH:13
BRF:0
BRH:0
end_of_record
